This file contains any messages produced by compilers while
running configure, to aid debugging if configure makes a mistake.

It was created by OpenVPN configure 2.1_rc15, which was
generated by GNU Autoconf 2.61.  Invocation command line was

  $ ./configure --disable-lzo

## --------- ##
## Platform. ##
## --------- ##

hostname = dune
uname -m = i686
uname -r = 2.6.27-11-generic
uname -s = Linux
uname -v = #1 SMP Thu Jan 29 19:24:39 UTC 2009

/usr/bin/uname -p = unknown
/bin/uname -X     = unknown

/bin/arch              = unknown
/usr/bin/arch -k       = unknown
/usr/convex/getsysinfo = unknown
/usr/bin/hostinfo      = unknown
/bin/machine           = unknown
/usr/bin/oslevel       = unknown
/bin/universe          = unknown

PATH: /usr/local/sbin
PATH: /usr/local/bin
PATH: /usr/sbin
PATH: /usr/bin
PATH: /sbin
PATH: /bin
PATH: /usr/games


## ----------- ##
## Core tests. ##
## ----------- ##

configure:1836: checking build system type
configure:1854: result: i686-pc-linux-gnu
configure:1876: checking host system type
configure:1891: result: i686-pc-linux-gnu
configure:1913: checking target system type
configure:1928: result: i686-pc-linux-gnu
configure:1970: checking for a BSD-compatible install
configure:2026: result: /usr/bin/install -c
configure:2037: checking whether build environment is sane
configure:2080: result: yes
configure:2145: checking for gawk
configure:2175: result: no
configure:2145: checking for mawk
configure:2161: found /usr/bin/mawk
configure:2172: result: mawk
configure:2183: checking whether make sets $(MAKE)
configure:2204: result: yes
configure:2682: checking for ifconfig
configure:2701: found /sbin/ifconfig
configure:2714: result: /sbin/ifconfig
configure:2738: checking for ip
configure:2757: found /sbin/ip
configure:2770: result: /sbin/ip
configure:2795: checking for route
configure:2814: found /sbin/route
configure:2827: result: /sbin/route
configure:2993: checking for gcc
configure:3009: found /usr/bin/gcc
configure:3020: result: gcc
configure:3258: checking for C compiler version
configure:3265: gcc --version >&5
gcc (Ubuntu 4.3.2-1ubuntu12) 4.3.2
Copyright (C) 2008 Free Software Foundation, Inc.
This is free software; see the source for copying conditions.  There is NO
warranty; not even for MERCHANTABILITY or FITNESS FOR A PARTICULAR PURPOSE.

configure:3268: $? = 0
configure:3275: gcc -v >&5
Using built-in specs.
Target: i486-linux-gnu
Configured with: ../src/configure -v --with-pkgversion='Ubuntu 4.3.2-1ubuntu12' --with-bugurl=file:///usr/share/doc/gcc-4.3/README.Bugs --enable-languages=c,c++,fortran,objc,obj-c++ --prefix=/usr --enable-shared --with-system-zlib --libexecdir=/usr/lib --without-included-gettext --enable-threads=posix --enable-nls --with-gxx-include-dir=/usr/include/c++/4.3 --program-suffix=-4.3 --enable-clocale=gnu --enable-libstdcxx-debug --enable-objc-gc --enable-mpfr --enable-targets=all --enable-checking=release --build=i486-linux-gnu --host=i486-linux-gnu --target=i486-linux-gnu
Thread model: posix
gcc version 4.3.2 (Ubuntu 4.3.2-1ubuntu12) 
configure:3278: $? = 0
configure:3285: gcc -V >&5
gcc: '-V' option must have argument
configure:3288: $? = 1
configure:3311: checking for C compiler default output file name
configure:3338: gcc   -I.   conftest.c  >&5
configure:3341: $? = 0
configure:3379: result: a.out
configure:3396: checking whether the C compiler works
configure:3406: ./a.out
configure:3409: $? = 0
configure:3426: result: yes
configure:3433: checking whether we are cross compiling
configure:3435: result: no
configure:3438: checking for suffix of executables
configure:3445: gcc -o conftest   -I.   conftest.c  >&5
configure:3448: $? = 0
configure:3472: result: 
configure:3478: checking for suffix of object files
configure:3504: gcc -c   -I.  conftest.c >&5
configure:3507: $? = 0
configure:3530: result: o
configure:3534: checking whether we are using the GNU C compiler
configure:3563: gcc -c   -I.  conftest.c >&5
configure:3569: $? = 0
configure:3586: result: yes
configure:3591: checking whether gcc accepts -g
configure:3621: gcc -c -g  -I.  conftest.c >&5
configure:3627: $? = 0
configure:3726: result: yes
configure:3743: checking for gcc option to accept ISO C89
configure:3817: gcc  -c -g -O2  -I.  conftest.c >&5
configure:3823: $? = 0
configure:3846: result: none needed
configure:3875: checking for style of include used by make
configure:3903: result: GNU
configure:3931: checking dependency style of gcc
configure:4021: result: gcc3
configure:4051: checking for a BSD-compatible install
configure:4107: result: /usr/bin/install -c
configure:4124: checking how to run the C preprocessor
configure:4164: gcc -E  -I.  conftest.c
configure:4170: $? = 0
configure:4201: gcc -E  -I.  conftest.c
conftest.c:15:28: error: ac_nonexistent.h: No such file or directory
configure:4207: $? = 1
configure: failed program was:
| /* confdefs.h.  */
| #define PACKAGE_NAME "OpenVPN"
| #define PACKAGE_TARNAME "openvpn"
| #define PACKAGE_VERSION "2.1_rc15"
| #define PACKAGE_STRING "OpenVPN 2.1_rc15"
| #define PACKAGE_BUGREPORT "openvpn-users@lists.sourceforge.net"
| #define PACKAGE "openvpn"
| #define VERSION "2.1_rc15"
| #define IFCONFIG_PATH "/sbin/ifconfig"
| #define IPROUTE_PATH "/sbin/ip"
| #define ROUTE_PATH "/sbin/route"
| #define TARGET_ALIAS "i686-pc-linux-gnu"
| #define TARGET_LINUX 1
| /* end confdefs.h.  */
| #include <ac_nonexistent.h>
configure:4240: result: gcc -E
configure:4269: gcc -E  -I.  conftest.c
configure:4275: $? = 0
configure:4306: gcc -E  -I.  conftest.c
conftest.c:15:28: error: ac_nonexistent.h: No such file or directory
configure:4312: $? = 1
configure: failed program was:
| /* confdefs.h.  */
| #define PACKAGE_NAME "OpenVPN"
| #define PACKAGE_TARNAME "openvpn"
| #define PACKAGE_VERSION "2.1_rc15"
| #define PACKAGE_STRING "OpenVPN 2.1_rc15"
| #define PACKAGE_BUGREPORT "openvpn-users@lists.sourceforge.net"
| #define PACKAGE "openvpn"
| #define VERSION "2.1_rc15"
| #define IFCONFIG_PATH "/sbin/ifconfig"
| #define IPROUTE_PATH "/sbin/ip"
| #define ROUTE_PATH "/sbin/route"
| #define TARGET_ALIAS "i686-pc-linux-gnu"
| #define TARGET_LINUX 1
| /* end confdefs.h.  */
| #include <ac_nonexistent.h>
configure:4350: checking for grep that handles long lines and -e
configure:4424: result: /bin/grep
configure:4429: checking for egrep
configure:4507: result: /bin/grep -E
configure:4513: checking whether gcc needs -traditional
configure:4555: result: no
configure:4618: checking for ANSI C header files
configure:4648: gcc -c -g -O2  -I.  conftest.c >&5
configure:4654: $? = 0
configure:4753: gcc -o conftest -g -O2  -I.   conftest.c  >&5
configure:4756: $? = 0
configure:4762: ./conftest
configure:4765: $? = 0
configure:4782: result: yes
configure:4793: checking for an ANSI C-conforming const
configure:4868: gcc -c -g -O2  -I.  conftest.c >&5
configure:4874: $? = 0
configure:4889: result: yes
configure:4899: checking for inline
configure:4925: gcc -c -g -O2  -I.  conftest.c >&5
configure:4931: $? = 0
configure:4949: result: inline
configure:4968: checking for working volatile
configure:4997: gcc -c -g -O2  -I.  conftest.c >&5
configure:5003: $? = 0
configure:5018: result: yes
configure:5042: checking for sys/types.h
configure:5063: gcc -c -g -O2  -I.  conftest.c >&5
configure:5069: $? = 0
configure:5085: result: yes
configure:5042: checking for sys/stat.h
configure:5063: gcc -c -g -O2  -I.  conftest.c >&5
configure:5069: $? = 0
configure:5085: result: yes
configure:5042: checking for stdlib.h
configure:5063: gcc -c -g -O2  -I.  conftest.c >&5
configure:5069: $? = 0
configure:5085: result: yes
configure:5042: checking for string.h
configure:5063: gcc -c -g -O2  -I.  conftest.c >&5
configure:5069: $? = 0
configure:5085: result: yes
configure:5042: checking for memory.h
configure:5063: gcc -c -g -O2  -I.  conftest.c >&5
configure:5069: $? = 0
configure:5085: result: yes
configure:5042: checking for strings.h
configure:5063: gcc -c -g -O2  -I.  conftest.c >&5
configure:5069: $? = 0
configure:5085: result: yes
configure:5042: checking for inttypes.h
configure:5063: gcc -c -g -O2  -I.  conftest.c >&5
configure:5069: $? = 0
configure:5085: result: yes
configure:5042: checking for stdint.h
configure:5063: gcc -c -g -O2  -I.  conftest.c >&5
configure:5069: $? = 0
configure:5085: result: yes
configure:5042: checking for unistd.h
configure:5063: gcc -c -g -O2  -I.  conftest.c >&5
configure:5069: $? = 0
configure:5085: result: yes
configure:5097: checking for off_t
configure:5127: gcc -c -g -O2  -I.  conftest.c >&5
configure:5133: $? = 0
configure:5148: result: yes
configure:5160: checking for pid_t
configure:5190: gcc -c -g -O2  -I.  conftest.c >&5
configure:5196: $? = 0
configure:5211: result: yes
configure:5223: checking for size_t
configure:5253: gcc -c -g -O2  -I.  conftest.c >&5
configure:5259: $? = 0
configure:5274: result: yes
configure:5286: checking for uid_t in sys/types.h
configure:5309: result: yes
configure:5325: checking for socklen_t
configure:5357: gcc -c -g -O2  -I.  conftest.c >&5
configure:5363: $? = 0
configure:5378: result: yes
configure:5477: checking whether time.h and sys/time.h may both be included
configure:5507: gcc -c -g -O2  -I.  conftest.c >&5
configure:5513: $? = 0
configure:5528: result: yes
configure:5538: checking for ISO C 1999 vararg macro support
configure:5556: gcc -c -g -O2  -I.  conftest.c >&5
configure:5562: $? = 0
configure:5577: result: yes
configure:5587: checking for GNU GCC vararg macro support
configure:5605: gcc -c -g -O2  -I.  conftest.c >&5
configure:5611: $? = 0
configure:5626: result: yes
configure:5637: result: checking for C compiler empty array support
configure:5650: gcc -c -g -O2  -I.  conftest.c >&5
configure:5656: $? = 0
configure:5743: checking fcntl.h usability
configure:5760: gcc -c -g -O2  -I.  conftest.c >&5
configure:5766: $? = 0
configure:5780: result: yes
configure:5784: checking fcntl.h presence
configure:5799: gcc -E  -I.  conftest.c
configure:5805: $? = 0
configure:5819: result: yes
configure:5852: checking for fcntl.h
configure:5860: result: yes
configure:5733: checking for stdlib.h
configure:5739: result: yes
configure:5743: checking stdarg.h usability
configure:5760: gcc -c -g -O2  -I.  conftest.c >&5
configure:5766: $? = 0
configure:5780: result: yes
configure:5784: checking stdarg.h presence
configure:5799: gcc -E  -I.  conftest.c
configure:5805: $? = 0
configure:5819: result: yes
configure:5852: checking for stdarg.h
configure:5860: result: yes
configure:5743: checking stdio.h usability
configure:5760: gcc -c -g -O2  -I.  conftest.c >&5
configure:5766: $? = 0
configure:5780: result: yes
configure:5784: checking stdio.h presence
configure:5799: gcc -E  -I.  conftest.c
configure:5805: $? = 0
configure:5819: result: yes
configure:5852: checking for stdio.h
configure:5860: result: yes
configure:5733: checking for string.h
configure:5739: result: yes
configure:5733: checking for strings.h
configure:5739: result: yes
configure:5743: checking ctype.h usability
configure:5760: gcc -c -g -O2  -I.  conftest.c >&5
configure:5766: $? = 0
configure:5780: result: yes
configure:5784: checking ctype.h presence
configure:5799: gcc -E  -I.  conftest.c
configure:5805: $? = 0
configure:5819: result: yes
configure:5852: checking for ctype.h
configure:5860: result: yes
configure:5743: checking errno.h usability
configure:5760: gcc -c -g -O2  -I.  conftest.c >&5
configure:5766: $? = 0
configure:5780: result: yes
configure:5784: checking errno.h presence
configure:5799: gcc -E  -I.  conftest.c
configure:5805: $? = 0
configure:5819: result: yes
configure:5852: checking for errno.h
configure:5860: result: yes
configure:5875: checking for sys/wait.h that is POSIX.1 compatible
configure:5911: gcc -c -g -O2  -I.  conftest.c >&5
configure:5917: $? = 0
configure:5932: result: yes
configure:5993: checking sys/time.h usability
configure:6010: gcc -c -g -O2  -I.  conftest.c >&5
configure:6016: $? = 0
configure:6030: result: yes
configure:6034: checking sys/time.h presence
configure:6049: gcc -E  -I.  conftest.c
configure:6055: $? = 0
configure:6069: result: yes
configure:6102: checking for sys/time.h
configure:6110: result: yes
configure:5993: checking sys/socket.h usability
configure:6010: gcc -c -g -O2  -I.  conftest.c >&5
configure:6016: $? = 0
configure:6030: result: yes
configure:6034: checking sys/socket.h presence
configure:6049: gcc -E  -I.  conftest.c
configure:6055: $? = 0
configure:6069: result: yes
configure:6102: checking for sys/socket.h
configure:6110: result: yes
configure:5993: checking sys/un.h usability
configure:6010: gcc -c -g -O2  -I.  conftest.c >&5
configure:6016: $? = 0
configure:6030: result: yes
configure:6034: checking sys/un.h presence
configure:6049: gcc -E  -I.  conftest.c
configure:6055: $? = 0
configure:6069: result: yes
configure:6102: checking for sys/un.h
configure:6110: result: yes
configure:5993: checking sys/ioctl.h usability
configure:6010: gcc -c -g -O2  -I.  conftest.c >&5
configure:6016: $? = 0
configure:6030: result: yes
configure:6034: checking sys/ioctl.h presence
configure:6049: gcc -E  -I.  conftest.c
configure:6055: $? = 0
configure:6069: result: yes
configure:6102: checking for sys/ioctl.h
configure:6110: result: yes
configure:5983: checking for sys/stat.h
configure:5989: result: yes
configure:5993: checking sys/mman.h usability
configure:6010: gcc -c -g -O2  -I.  conftest.c >&5
configure:6016: $? = 0
configure:6030: result: yes
configure:6034: checking sys/mman.h presence
configure:6049: gcc -E  -I.  conftest.c
configure:6055: $? = 0
configure:6069: result: yes
configure:6102: checking for sys/mman.h
configure:6110: result: yes
configure:5983: checking for fcntl.h
configure:5989: result: yes
configure:5993: checking sys/file.h usability
configure:6010: gcc -c -g -O2  -I.  conftest.c >&5
configure:6016: $? = 0
configure:6030: result: yes
configure:6034: checking sys/file.h presence
configure:6049: gcc -E  -I.  conftest.c
configure:6055: $? = 0
configure:6069: result: yes
configure:6102: checking for sys/file.h
configure:6110: result: yes
configure:5983: checking for stdlib.h
configure:5989: result: yes
configure:5983: checking for stdint.h
configure:5989: result: yes
configure:5983: checking for stdarg.h
configure:5989: result: yes
configure:5983: checking for unistd.h
configure:5989: result: yes
configure:5993: checking signal.h usability
configure:6010: gcc -c -g -O2  -I.  conftest.c >&5
configure:6016: $? = 0
configure:6030: result: yes
configure:6034: checking signal.h presence
configure:6049: gcc -E  -I.  conftest.c
configure:6055: $? = 0
configure:6069: result: yes
configure:6102: checking for signal.h
configure:6110: result: yes
configure:5983: checking for stdio.h
configure:5989: result: yes
configure:5983: checking for string.h
configure:5989: result: yes
configure:5983: checking for strings.h
configure:5989: result: yes
configure:5983: checking for ctype.h
configure:5989: result: yes
configure:5983: checking for errno.h
configure:5989: result: yes
configure:5993: checking syslog.h usability
configure:6010: gcc -c -g -O2  -I.  conftest.c >&5
configure:6016: $? = 0
configure:6030: result: yes
configure:6034: checking syslog.h presence
configure:6049: gcc -E  -I.  conftest.c
configure:6055: $? = 0
configure:6069: result: yes
configure:6102: checking for syslog.h
configure:6110: result: yes
configure:5993: checking pwd.h usability
configure:6010: gcc -c -g -O2  -I.  conftest.c >&5
configure:6016: $? = 0
configure:6030: result: yes
configure:6034: checking pwd.h presence
configure:6049: gcc -E  -I.  conftest.c
configure:6055: $? = 0
configure:6069: result: yes
configure:6102: checking for pwd.h
configure:6110: result: yes
configure:5993: checking grp.h usability
configure:6010: gcc -c -g -O2  -I.  conftest.c >&5
configure:6016: $? = 0
configure:6030: result: yes
configure:6034: checking grp.h presence
configure:6049: gcc -E  -I.  conftest.c
configure:6055: $? = 0
configure:6069: result: yes
configure:6102: checking for grp.h
configure:6110: result: yes
configure:5993: checking net/if_tun.h usability
configure:6010: gcc -c -g -O2  -I.  conftest.c >&5
conftest.c:93:24: error: net/if_tun.h: No such file or directory
configure:6016: $? = 1
configure: failed program was:
| /* confdefs.h.  */
| #define PACKAGE_NAME "OpenVPN"
| #define PACKAGE_TARNAME "openvpn"
| #define PACKAGE_VERSION "2.1_rc15"
| #define PACKAGE_STRING "OpenVPN 2.1_rc15"
| #define PACKAGE_BUGREPORT "openvpn-users@lists.sourceforge.net"
| #define PACKAGE "openvpn"
| #define VERSION "2.1_rc15"
| #define IFCONFIG_PATH "/sbin/ifconfig"
| #define IPROUTE_PATH "/sbin/ip"
| #define ROUTE_PATH "/sbin/route"
| #define TARGET_ALIAS "i686-pc-linux-gnu"
| #define TARGET_LINUX 1
| #define _GNU_SOURCE 1
| #define STDC_HEADERS 1
| #define HAVE_SYS_TYPES_H 1
| #define HAVE_SYS_STAT_H 1
| #define HAVE_STDLIB_H 1
| #define HAVE_STRING_H 1
| #define HAVE_MEMORY_H 1
| #define HAVE_STRINGS_H 1
| #define HAVE_INTTYPES_H 1
| #define HAVE_STDINT_H 1
| #define HAVE_UNISTD_H 1
| #define TIME_WITH_SYS_TIME 1
| #define HAVE_CPP_VARARG_MACRO_ISO 1
| #define HAVE_CPP_VARARG_MACRO_GCC 1
| #define EMPTY_ARRAY_SIZE 0
| #define HAVE_FCNTL_H 1
| #define HAVE_STDLIB_H 1
| #define HAVE_STDARG_H 1
| #define HAVE_STDIO_H 1
| #define HAVE_STRING_H 1
| #define HAVE_STRINGS_H 1
| #define HAVE_CTYPE_H 1
| #define HAVE_ERRNO_H 1
| #define HAVE_SYS_WAIT_H 1
| #define HAVE_SYS_TIME_H 1
| #define HAVE_SYS_SOCKET_H 1
| #define HAVE_SYS_UN_H 1
| #define HAVE_SYS_IOCTL_H 1
| #define HAVE_SYS_STAT_H 1
| #define HAVE_SYS_MMAN_H 1
| #define HAVE_FCNTL_H 1
| #define HAVE_SYS_FILE_H 1
| #define HAVE_STDLIB_H 1
| #define HAVE_STDINT_H 1
| #define HAVE_STDARG_H 1
| #define HAVE_UNISTD_H 1
| #define HAVE_SIGNAL_H 1
| #define HAVE_STDIO_H 1
| #define HAVE_STRING_H 1
| #define HAVE_STRINGS_H 1
| #define HAVE_CTYPE_H 1
| #define HAVE_ERRNO_H 1
| #define HAVE_SYSLOG_H 1
| #define HAVE_PWD_H 1
| #define HAVE_GRP_H 1
| /* end confdefs.h.  */
| #include <stdio.h>
| #ifdef HAVE_SYS_TYPES_H
| # include <sys/types.h>
| #endif
| #ifdef HAVE_SYS_STAT_H
| # include <sys/stat.h>
| #endif
| #ifdef STDC_HEADERS
| # include <stdlib.h>
| # include <stddef.h>
| #else
| # ifdef HAVE_STDLIB_H
| #  include <stdlib.h>
| # endif
| #endif
| #ifdef HAVE_STRING_H
| # if !defined STDC_HEADERS && defined HAVE_MEMORY_H
| #  include <memory.h>
| # endif
| # include <string.h>
| #endif
| #ifdef HAVE_STRINGS_H
| # include <strings.h>
| #endif
| #ifdef HAVE_INTTYPES_H
| # include <inttypes.h>
| #endif
| #ifdef HAVE_STDINT_H
| # include <stdint.h>
| #endif
| #ifdef HAVE_UNISTD_H
| # include <unistd.h>
| #endif
| #include <net/if_tun.h>
configure:6030: result: no
configure:6034: checking net/if_tun.h presence
configure:6049: gcc -E  -I.  conftest.c
conftest.c:60:24: error: net/if_tun.h: No such file or directory
configure:6055: $? = 1
configure: failed program was:
| /* confdefs.h.  */
| #define PACKAGE_NAME "OpenVPN"
| #define PACKAGE_TARNAME "openvpn"
| #define PACKAGE_VERSION "2.1_rc15"
| #define PACKAGE_STRING "OpenVPN 2.1_rc15"
| #define PACKAGE_BUGREPORT "openvpn-users@lists.sourceforge.net"
| #define PACKAGE "openvpn"
| #define VERSION "2.1_rc15"
| #define IFCONFIG_PATH "/sbin/ifconfig"
| #define IPROUTE_PATH "/sbin/ip"
| #define ROUTE_PATH "/sbin/route"
| #define TARGET_ALIAS "i686-pc-linux-gnu"
| #define TARGET_LINUX 1
| #define _GNU_SOURCE 1
| #define STDC_HEADERS 1
| #define HAVE_SYS_TYPES_H 1
| #define HAVE_SYS_STAT_H 1
| #define HAVE_STDLIB_H 1
| #define HAVE_STRING_H 1
| #define HAVE_MEMORY_H 1
| #define HAVE_STRINGS_H 1
| #define HAVE_INTTYPES_H 1
| #define HAVE_STDINT_H 1
| #define HAVE_UNISTD_H 1
| #define TIME_WITH_SYS_TIME 1
| #define HAVE_CPP_VARARG_MACRO_ISO 1
| #define HAVE_CPP_VARARG_MACRO_GCC 1
| #define EMPTY_ARRAY_SIZE 0
| #define HAVE_FCNTL_H 1
| #define HAVE_STDLIB_H 1
| #define HAVE_STDARG_H 1
| #define HAVE_STDIO_H 1
| #define HAVE_STRING_H 1
| #define HAVE_STRINGS_H 1
| #define HAVE_CTYPE_H 1
| #define HAVE_ERRNO_H 1
| #define HAVE_SYS_WAIT_H 1
| #define HAVE_SYS_TIME_H 1
| #define HAVE_SYS_SOCKET_H 1
| #define HAVE_SYS_UN_H 1
| #define HAVE_SYS_IOCTL_H 1
| #define HAVE_SYS_STAT_H 1
| #define HAVE_SYS_MMAN_H 1
| #define HAVE_FCNTL_H 1
| #define HAVE_SYS_FILE_H 1
| #define HAVE_STDLIB_H 1
| #define HAVE_STDINT_H 1
| #define HAVE_STDARG_H 1
| #define HAVE_UNISTD_H 1
| #define HAVE_SIGNAL_H 1
| #define HAVE_STDIO_H 1
| #define HAVE_STRING_H 1
| #define HAVE_STRINGS_H 1
| #define HAVE_CTYPE_H 1
| #define HAVE_ERRNO_H 1
| #define HAVE_SYSLOG_H 1
| #define HAVE_PWD_H 1
| #define HAVE_GRP_H 1
| /* end confdefs.h.  */
| #include <net/if_tun.h>
configure:6069: result: no
configure:6102: checking for net/if_tun.h
configure:6110: result: no
configure:5993: checking net/tun/if_tun.h usability
configure:6010: gcc -c -g -O2  -I.  conftest.c >&5
conftest.c:93:28: error: net/tun/if_tun.h: No such file or directory
configure:6016: $? = 1
configure: failed program was:
| /* confdefs.h.  */
| #define PACKAGE_NAME "OpenVPN"
| #define PACKAGE_TARNAME "openvpn"
| #define PACKAGE_VERSION "2.1_rc15"
| #define PACKAGE_STRING "OpenVPN 2.1_rc15"
| #define PACKAGE_BUGREPORT "openvpn-users@lists.sourceforge.net"
| #define PACKAGE "openvpn"
| #define VERSION "2.1_rc15"
| #define IFCONFIG_PATH "/sbin/ifconfig"
| #define IPROUTE_PATH "/sbin/ip"
| #define ROUTE_PATH "/sbin/route"
| #define TARGET_ALIAS "i686-pc-linux-gnu"
| #define TARGET_LINUX 1
| #define _GNU_SOURCE 1
| #define STDC_HEADERS 1
| #define HAVE_SYS_TYPES_H 1
| #define HAVE_SYS_STAT_H 1
| #define HAVE_STDLIB_H 1
| #define HAVE_STRING_H 1
| #define HAVE_MEMORY_H 1
| #define HAVE_STRINGS_H 1
| #define HAVE_INTTYPES_H 1
| #define HAVE_STDINT_H 1
| #define HAVE_UNISTD_H 1
| #define TIME_WITH_SYS_TIME 1
| #define HAVE_CPP_VARARG_MACRO_ISO 1
| #define HAVE_CPP_VARARG_MACRO_GCC 1
| #define EMPTY_ARRAY_SIZE 0
| #define HAVE_FCNTL_H 1
| #define HAVE_STDLIB_H 1
| #define HAVE_STDARG_H 1
| #define HAVE_STDIO_H 1
| #define HAVE_STRING_H 1
| #define HAVE_STRINGS_H 1
| #define HAVE_CTYPE_H 1
| #define HAVE_ERRNO_H 1
| #define HAVE_SYS_WAIT_H 1
| #define HAVE_SYS_TIME_H 1
| #define HAVE_SYS_SOCKET_H 1
| #define HAVE_SYS_UN_H 1
| #define HAVE_SYS_IOCTL_H 1
| #define HAVE_SYS_STAT_H 1
| #define HAVE_SYS_MMAN_H 1
| #define HAVE_FCNTL_H 1
| #define HAVE_SYS_FILE_H 1
| #define HAVE_STDLIB_H 1
| #define HAVE_STDINT_H 1
| #define HAVE_STDARG_H 1
| #define HAVE_UNISTD_H 1
| #define HAVE_SIGNAL_H 1
| #define HAVE_STDIO_H 1
| #define HAVE_STRING_H 1
| #define HAVE_STRINGS_H 1
| #define HAVE_CTYPE_H 1
| #define HAVE_ERRNO_H 1
| #define HAVE_SYSLOG_H 1
| #define HAVE_PWD_H 1
| #define HAVE_GRP_H 1
| /* end confdefs.h.  */
| #include <stdio.h>
| #ifdef HAVE_SYS_TYPES_H
| # include <sys/types.h>
| #endif
| #ifdef HAVE_SYS_STAT_H
| # include <sys/stat.h>
| #endif
| #ifdef STDC_HEADERS
| # include <stdlib.h>
| # include <stddef.h>
| #else
| # ifdef HAVE_STDLIB_H
| #  include <stdlib.h>
| # endif
| #endif
| #ifdef HAVE_STRING_H
| # if !defined STDC_HEADERS && defined HAVE_MEMORY_H
| #  include <memory.h>
| # endif
| # include <string.h>
| #endif
| #ifdef HAVE_STRINGS_H
| # include <strings.h>
| #endif
| #ifdef HAVE_INTTYPES_H
| # include <inttypes.h>
| #endif
| #ifdef HAVE_STDINT_H
| # include <stdint.h>
| #endif
| #ifdef HAVE_UNISTD_H
| # include <unistd.h>
| #endif
| #include <net/tun/if_tun.h>
configure:6030: result: no
configure:6034: checking net/tun/if_tun.h presence
configure:6049: gcc -E  -I.  conftest.c
conftest.c:60:28: error: net/tun/if_tun.h: No such file or directory
configure:6055: $? = 1
configure: failed program was:
| /* confdefs.h.  */
| #define PACKAGE_NAME "OpenVPN"
| #define PACKAGE_TARNAME "openvpn"
| #define PACKAGE_VERSION "2.1_rc15"
| #define PACKAGE_STRING "OpenVPN 2.1_rc15"
| #define PACKAGE_BUGREPORT "openvpn-users@lists.sourceforge.net"
| #define PACKAGE "openvpn"
| #define VERSION "2.1_rc15"
| #define IFCONFIG_PATH "/sbin/ifconfig"
| #define IPROUTE_PATH "/sbin/ip"
| #define ROUTE_PATH "/sbin/route"
| #define TARGET_ALIAS "i686-pc-linux-gnu"
| #define TARGET_LINUX 1
| #define _GNU_SOURCE 1
| #define STDC_HEADERS 1
| #define HAVE_SYS_TYPES_H 1
| #define HAVE_SYS_STAT_H 1
| #define HAVE_STDLIB_H 1
| #define HAVE_STRING_H 1
| #define HAVE_MEMORY_H 1
| #define HAVE_STRINGS_H 1
| #define HAVE_INTTYPES_H 1
| #define HAVE_STDINT_H 1
| #define HAVE_UNISTD_H 1
| #define TIME_WITH_SYS_TIME 1
| #define HAVE_CPP_VARARG_MACRO_ISO 1
| #define HAVE_CPP_VARARG_MACRO_GCC 1
| #define EMPTY_ARRAY_SIZE 0
| #define HAVE_FCNTL_H 1
| #define HAVE_STDLIB_H 1
| #define HAVE_STDARG_H 1
| #define HAVE_STDIO_H 1
| #define HAVE_STRING_H 1
| #define HAVE_STRINGS_H 1
| #define HAVE_CTYPE_H 1
| #define HAVE_ERRNO_H 1
| #define HAVE_SYS_WAIT_H 1
| #define HAVE_SYS_TIME_H 1
| #define HAVE_SYS_SOCKET_H 1
| #define HAVE_SYS_UN_H 1
| #define HAVE_SYS_IOCTL_H 1
| #define HAVE_SYS_STAT_H 1
| #define HAVE_SYS_MMAN_H 1
| #define HAVE_FCNTL_H 1
| #define HAVE_SYS_FILE_H 1
| #define HAVE_STDLIB_H 1
| #define HAVE_STDINT_H 1
| #define HAVE_STDARG_H 1
| #define HAVE_UNISTD_H 1
| #define HAVE_SIGNAL_H 1
| #define HAVE_STDIO_H 1
| #define HAVE_STRING_H 1
| #define HAVE_STRINGS_H 1
| #define HAVE_CTYPE_H 1
| #define HAVE_ERRNO_H 1
| #define HAVE_SYSLOG_H 1
| #define HAVE_PWD_H 1
| #define HAVE_GRP_H 1
| /* end confdefs.h.  */
| #include <net/tun/if_tun.h>
configure:6069: result: no
configure:6102: checking for net/tun/if_tun.h
configure:6110: result: no
configure:5993: checking stropts.h usability
configure:6010: gcc -c -g -O2  -I.  conftest.c >&5
configure:6016: $? = 0
configure:6030: result: yes
configure:6034: checking stropts.h presence
configure:6049: gcc -E  -I.  conftest.c
configure:6055: $? = 0
configure:6069: result: yes
configure:6102: checking for stropts.h
configure:6110: result: yes
configure:5993: checking sys/sockio.h usability
configure:6010: gcc -c -g -O2  -I.  conftest.c >&5
conftest.c:94:24: error: sys/sockio.h: No such file or directory
configure:6016: $? = 1
configure: failed program was:
| /* confdefs.h.  */
| #define PACKAGE_NAME "OpenVPN"
| #define PACKAGE_TARNAME "openvpn"
| #define PACKAGE_VERSION "2.1_rc15"
| #define PACKAGE_STRING "OpenVPN 2.1_rc15"
| #define PACKAGE_BUGREPORT "openvpn-users@lists.sourceforge.net"
| #define PACKAGE "openvpn"
| #define VERSION "2.1_rc15"
| #define IFCONFIG_PATH "/sbin/ifconfig"
| #define IPROUTE_PATH "/sbin/ip"
| #define ROUTE_PATH "/sbin/route"
| #define TARGET_ALIAS "i686-pc-linux-gnu"
| #define TARGET_LINUX 1
| #define _GNU_SOURCE 1
| #define STDC_HEADERS 1
| #define HAVE_SYS_TYPES_H 1
| #define HAVE_SYS_STAT_H 1
| #define HAVE_STDLIB_H 1
| #define HAVE_STRING_H 1
| #define HAVE_MEMORY_H 1
| #define HAVE_STRINGS_H 1
| #define HAVE_INTTYPES_H 1
| #define HAVE_STDINT_H 1
| #define HAVE_UNISTD_H 1
| #define TIME_WITH_SYS_TIME 1
| #define HAVE_CPP_VARARG_MACRO_ISO 1
| #define HAVE_CPP_VARARG_MACRO_GCC 1
| #define EMPTY_ARRAY_SIZE 0
| #define HAVE_FCNTL_H 1
| #define HAVE_STDLIB_H 1
| #define HAVE_STDARG_H 1
| #define HAVE_STDIO_H 1
| #define HAVE_STRING_H 1
| #define HAVE_STRINGS_H 1
| #define HAVE_CTYPE_H 1
| #define HAVE_ERRNO_H 1
| #define HAVE_SYS_WAIT_H 1
| #define HAVE_SYS_TIME_H 1
| #define HAVE_SYS_SOCKET_H 1
| #define HAVE_SYS_UN_H 1
| #define HAVE_SYS_IOCTL_H 1
| #define HAVE_SYS_STAT_H 1
| #define HAVE_SYS_MMAN_H 1
| #define HAVE_FCNTL_H 1
| #define HAVE_SYS_FILE_H 1
| #define HAVE_STDLIB_H 1
| #define HAVE_STDINT_H 1
| #define HAVE_STDARG_H 1
| #define HAVE_UNISTD_H 1
| #define HAVE_SIGNAL_H 1
| #define HAVE_STDIO_H 1
| #define HAVE_STRING_H 1
| #define HAVE_STRINGS_H 1
| #define HAVE_CTYPE_H 1
| #define HAVE_ERRNO_H 1
| #define HAVE_SYSLOG_H 1
| #define HAVE_PWD_H 1
| #define HAVE_GRP_H 1
| #define HAVE_STROPTS_H 1
| /* end confdefs.h.  */
| #include <stdio.h>
| #ifdef HAVE_SYS_TYPES_H
| # include <sys/types.h>
| #endif
| #ifdef HAVE_SYS_STAT_H
| # include <sys/stat.h>
| #endif
| #ifdef STDC_HEADERS
| # include <stdlib.h>
| # include <stddef.h>
| #else
| # ifdef HAVE_STDLIB_H
| #  include <stdlib.h>
| # endif
| #endif
| #ifdef HAVE_STRING_H
| # if !defined STDC_HEADERS && defined HAVE_MEMORY_H
| #  include <memory.h>
| # endif
| # include <string.h>
| #endif
| #ifdef HAVE_STRINGS_H
| # include <strings.h>
| #endif
| #ifdef HAVE_INTTYPES_H
| # include <inttypes.h>
| #endif
| #ifdef HAVE_STDINT_H
| # include <stdint.h>
| #endif
| #ifdef HAVE_UNISTD_H
| # include <unistd.h>
| #endif
| #include <sys/sockio.h>
configure:6030: result: no
configure:6034: checking sys/sockio.h presence
configure:6049: gcc -E  -I.  conftest.c
conftest.c:61:24: error: sys/sockio.h: No such file or directory
configure:6055: $? = 1
configure: failed program was:
| /* confdefs.h.  */
| #define PACKAGE_NAME "OpenVPN"
| #define PACKAGE_TARNAME "openvpn"
| #define PACKAGE_VERSION "2.1_rc15"
| #define PACKAGE_STRING "OpenVPN 2.1_rc15"
| #define PACKAGE_BUGREPORT "openvpn-users@lists.sourceforge.net"
| #define PACKAGE "openvpn"
| #define VERSION "2.1_rc15"
| #define IFCONFIG_PATH "/sbin/ifconfig"
| #define IPROUTE_PATH "/sbin/ip"
| #define ROUTE_PATH "/sbin/route"
| #define TARGET_ALIAS "i686-pc-linux-gnu"
| #define TARGET_LINUX 1
| #define _GNU_SOURCE 1
| #define STDC_HEADERS 1
| #define HAVE_SYS_TYPES_H 1
| #define HAVE_SYS_STAT_H 1
| #define HAVE_STDLIB_H 1
| #define HAVE_STRING_H 1
| #define HAVE_MEMORY_H 1
| #define HAVE_STRINGS_H 1
| #define HAVE_INTTYPES_H 1
| #define HAVE_STDINT_H 1
| #define HAVE_UNISTD_H 1
| #define TIME_WITH_SYS_TIME 1
| #define HAVE_CPP_VARARG_MACRO_ISO 1
| #define HAVE_CPP_VARARG_MACRO_GCC 1
| #define EMPTY_ARRAY_SIZE 0
| #define HAVE_FCNTL_H 1
| #define HAVE_STDLIB_H 1
| #define HAVE_STDARG_H 1
| #define HAVE_STDIO_H 1
| #define HAVE_STRING_H 1
| #define HAVE_STRINGS_H 1
| #define HAVE_CTYPE_H 1
| #define HAVE_ERRNO_H 1
| #define HAVE_SYS_WAIT_H 1
| #define HAVE_SYS_TIME_H 1
| #define HAVE_SYS_SOCKET_H 1
| #define HAVE_SYS_UN_H 1
| #define HAVE_SYS_IOCTL_H 1
| #define HAVE_SYS_STAT_H 1
| #define HAVE_SYS_MMAN_H 1
| #define HAVE_FCNTL_H 1
| #define HAVE_SYS_FILE_H 1
| #define HAVE_STDLIB_H 1
| #define HAVE_STDINT_H 1
| #define HAVE_STDARG_H 1
| #define HAVE_UNISTD_H 1
| #define HAVE_SIGNAL_H 1
| #define HAVE_STDIO_H 1
| #define HAVE_STRING_H 1
| #define HAVE_STRINGS_H 1
| #define HAVE_CTYPE_H 1
| #define HAVE_ERRNO_H 1
| #define HAVE_SYSLOG_H 1
| #define HAVE_PWD_H 1
| #define HAVE_GRP_H 1
| #define HAVE_STROPTS_H 1
| /* end confdefs.h.  */
| #include <sys/sockio.h>
configure:6069: result: no
configure:6102: checking for sys/sockio.h
configure:6110: result: no
configure:5993: checking netinet/in.h usability
configure:6010: gcc -c -g -O2  -I.  conftest.c >&5
configure:6016: $? = 0
configure:6030: result: yes
configure:6034: checking netinet/in.h presence
configure:6049: gcc -E  -I.  conftest.c
configure:6055: $? = 0
configure:6069: result: yes
configure:6102: checking for netinet/in.h
configure:6110: result: yes
configure:5993: checking netinet/in_systm.h usability
configure:6010: gcc -c -g -O2  -I.  conftest.c >&5
configure:6016: $? = 0
configure:6030: result: yes
configure:6034: checking netinet/in_systm.h presence
configure:6049: gcc -E  -I.  conftest.c
configure:6055: $? = 0
configure:6069: result: yes
configure:6102: checking for netinet/in_systm.h
configure:6110: result: yes
configure:5993: checking netinet/tcp.h usability
configure:6010: gcc -c -g -O2  -I.  conftest.c >&5
configure:6016: $? = 0
configure:6030: result: yes
configure:6034: checking netinet/tcp.h presence
configure:6049: gcc -E  -I.  conftest.c
configure:6055: $? = 0
configure:6069: result: yes
configure:6102: checking for netinet/tcp.h
configure:6110: result: yes
configure:5993: checking arpa/inet.h usability
configure:6010: gcc -c -g -O2  -I.  conftest.c >&5
configure:6016: $? = 0
configure:6030: result: yes
configure:6034: checking arpa/inet.h presence
configure:6049: gcc -E  -I.  conftest.c
configure:6055: $? = 0
configure:6069: result: yes
configure:6102: checking for arpa/inet.h
configure:6110: result: yes
configure:5993: checking netdb.h usability
configure:6010: gcc -c -g -O2  -I.  conftest.c >&5
configure:6016: $? = 0
configure:6030: result: yes
configure:6034: checking netdb.h presence
configure:6049: gcc -E  -I.  conftest.c
configure:6055: $? = 0
configure:6069: result: yes
configure:6102: checking for netdb.h
configure:6110: result: yes
configure:5993: checking sys/uio.h usability
configure:6010: gcc -c -g -O2  -I.  conftest.c >&5
configure:6016: $? = 0
configure:6030: result: yes
configure:6034: checking sys/uio.h presence
configure:6049: gcc -E  -I.  conftest.c
configure:6055: $? = 0
configure:6069: result: yes
configure:6102: checking for sys/uio.h
configure:6110: result: yes
configure:5993: checking linux/if_tun.h usability
configure:6010: gcc -c -g -O2  -I.  conftest.c >&5
configure:6016: $? = 0
configure:6030: result: yes
configure:6034: checking linux/if_tun.h presence
configure:6049: gcc -E  -I.  conftest.c
configure:6055: $? = 0
configure:6069: result: yes
configure:6102: checking for linux/if_tun.h
configure:6110: result: yes
configure:5993: checking linux/sockios.h usability
configure:6010: gcc -c -g -O2  -I.  conftest.c >&5
configure:6016: $? = 0
configure:6030: result: yes
configure:6034: checking linux/sockios.h presence
configure:6049: gcc -E  -I.  conftest.c
configure:6055: $? = 0
configure:6069: result: yes
configure:6102: checking for linux/sockios.h
configure:6110: result: yes
configure:5993: checking linux/types.h usability
configure:6010: gcc -c -g -O2  -I.  conftest.c >&5
configure:6016: $? = 0
configure:6030: result: yes
configure:6034: checking linux/types.h presence
configure:6049: gcc -E  -I.  conftest.c
configure:6055: $? = 0
configure:6069: result: yes
configure:6102: checking for linux/types.h
configure:6110: result: yes
configure:5993: checking sys/poll.h usability
configure:6010: gcc -c -g -O2  -I.  conftest.c >&5
configure:6016: $? = 0
configure:6030: result: yes
configure:6034: checking sys/poll.h presence
configure:6049: gcc -E  -I.  conftest.c
configure:6055: $? = 0
configure:6069: result: yes
configure:6102: checking for sys/poll.h
configure:6110: result: yes
configure:5993: checking sys/epoll.h usability
configure:6010: gcc -c -g -O2  -I.  conftest.c >&5
configure:6016: $? = 0
configure:6030: result: yes
configure:6034: checking sys/epoll.h presence
configure:6049: gcc -E  -I.  conftest.c
configure:6055: $? = 0
configure:6069: result: yes
configure:6102: checking for sys/epoll.h
configure:6110: result: yes
configure:5993: checking err.h usability
configure:6010: gcc -c -g -O2  -I.  conftest.c >&5
configure:6016: $? = 0
configure:6030: result: yes
configure:6034: checking err.h presence
configure:6049: gcc -E  -I.  conftest.c
configure:6055: $? = 0
configure:6069: result: yes
configure:6102: checking for err.h
configure:6110: result: yes
configure:6127: checking for net/if.h
configure:6151: gcc -c -g -O2  -I.  conftest.c >&5
configure:6157: $? = 0
configure:6173: result: yes
configure:6188: checking for netinet/ip.h
configure:6218: gcc -c -g -O2  -I.  conftest.c >&5
configure:6224: $? = 0
configure:6240: result: yes
configure:6255: checking for netinet/if_ether.h
configure:6285: gcc -c -g -O2  -I.  conftest.c >&5
configure:6291: $? = 0
configure:6307: result: yes
configure:6322: checking for resolv.h
configure:6346: gcc -c -g -O2  -I.  conftest.c >&5
configure:6352: $? = 0
configure:6368: result: yes
configure:6383: checking for linux/errqueue.h
configure:6407: gcc -c -g -O2  -I.  conftest.c >&5
configure:6413: $? = 0
configure:6429: result: yes
configure:6516: checking for in_addr_t
configure:6547: gcc -c -g -O2  -I.  conftest.c >&5
configure:6553: $? = 0
configure:6568: result: yes
configure:6581: checking for uint8_t
configure:6612: gcc -c -g -O2  -I.  conftest.c >&5
configure:6618: $? = 0
configure:6633: result: yes
configure:6645: checking for uint16_t
configure:6676: gcc -c -g -O2  -I.  conftest.c >&5
configure:6682: $? = 0
configure:6697: result: yes
configure:6709: checking for uint32_t
configure:6740: gcc -c -g -O2  -I.  conftest.c >&5
configure:6746: $? = 0
configure:6761: result: yes
configure:6774: checking for struct tun_pi
configure:6805: gcc -c -g -O2  -I.  conftest.c >&5
configure:6811: $? = 0
configure:6826: result: yes
configure:6836: checking for struct iphdr
configure:6867: gcc -c -g -O2  -I.  conftest.c >&5
configure:6873: $? = 0
configure:6888: result: yes
configure:6898: checking for struct iovec
configure:6929: gcc -c -g -O2  -I.  conftest.c >&5
configure:6935: $? = 0
configure:6950: result: yes
configure:6961: checking for struct sock_extended_err
configure:6992: gcc -c -g -O2  -I.  conftest.c >&5
configure:6998: $? = 0
configure:7013: result: yes
configure:7023: checking for struct msghdr
configure:7054: gcc -c -g -O2  -I.  conftest.c >&5
configure:7060: $? = 0
configure:7075: result: yes
configure:7085: checking for struct cmsghdr
configure:7116: gcc -c -g -O2  -I.  conftest.c >&5
configure:7122: $? = 0
configure:7137: result: yes
configure:7147: checking for struct in_pktinfo
configure:7178: gcc -c -g -O2  -I.  conftest.c >&5
configure:7184: $? = 0
configure:7199: result: yes
configure:7210: checking for unsigned int
configure:7240: gcc -c -g -O2  -I.  conftest.c >&5
configure:7246: $? = 0
configure:7261: result: yes
configure:7268: checking size of unsigned int
configure:7570: gcc -o conftest -g -O2  -I.   conftest.c  >&5
configure:7573: $? = 0
configure:7579: ./conftest
configure:7582: $? = 0
configure:7605: result: 4
configure:7615: checking for unsigned long
configure:7645: gcc -c -g -O2  -I.  conftest.c >&5
configure:7651: $? = 0
configure:7666: result: yes
configure:7673: checking size of unsigned long
configure:7975: gcc -o conftest -g -O2  -I.   conftest.c  >&5
configure:7978: $? = 0
configure:7984: ./conftest
configure:7987: $? = 0
configure:8010: result: 4
configure:8102: checking for ctime
configure:8158: gcc -o conftest -g -O2  -I.   conftest.c  >&5
configure:8164: $? = 0
configure:8182: result: yes
configure:8102: checking for memset
configure:8158: gcc -o conftest -g -O2  -I.   conftest.c  >&5
conftest.c:111: warning: conflicting types for built-in function 'memset'
configure:8164: $? = 0
configure:8182: result: yes
configure:8102: checking for vsnprintf
configure:8158: gcc -o conftest -g -O2  -I.   conftest.c  >&5
conftest.c:112: warning: conflicting types for built-in function 'vsnprintf'
configure:8164: $? = 0
configure:8182: result: yes
configure:8102: checking for strdup
configure:8158: gcc -o conftest -g -O2  -I.   conftest.c  >&5
conftest.c:113: warning: conflicting types for built-in function 'strdup'
configure:8164: $? = 0
configure:8182: result: yes
configure:8231: checking for daemon
configure:8287: gcc -o conftest -g -O2  -I.   conftest.c  >&5
configure:8293: $? = 0
configure:8311: result: yes
configure:8231: checking for chroot
configure:8287: gcc -o conftest -g -O2  -I.   conftest.c  >&5
configure:8293: $? = 0
configure:8311: result: yes
configure:8231: checking for getpwnam
configure:8287: gcc -o conftest -g -O2  -I.   conftest.c  >&5
configure:8293: $? = 0
configure:8311: result: yes
configure:8231: checking for setuid
configure:8287: gcc -o conftest -g -O2  -I.   conftest.c  >&5
configure:8293: $? = 0
configure:8311: result: yes
configure:8231: checking for nice
configure:8287: gcc -o conftest -g -O2  -I.   conftest.c  >&5
configure:8293: $? = 0
configure:8311: result: yes
configure:8231: checking for system
configure:8287: gcc -o conftest -g -O2  -I.   conftest.c  >&5
configure:8293: $? = 0
configure:8311: result: yes
configure:8231: checking for getpid
configure:8287: gcc -o conftest -g -O2  -I.   conftest.c  >&5
configure:8293: $? = 0
configure:8311: result: yes
configure:8231: checking for dup
configure:8287: gcc -o conftest -g -O2  -I.   conftest.c  >&5
configure:8293: $? = 0
configure:8311: result: yes
configure:8231: checking for dup2
configure:8287: gcc -o conftest -g -O2  -I.   conftest.c  >&5
configure:8293: $? = 0
configure:8311: result: yes
configure:8231: checking for getpass
configure:8287: gcc -o conftest -g -O2  -I.   conftest.c  >&5
configure:8293: $? = 0
configure:8311: result: yes
configure:8231: checking for strerror
configure:8287: gcc -o conftest -g -O2  -I.   conftest.c  >&5
configure:8293: $? = 0
configure:8311: result: yes
configure:8231: checking for syslog
configure:8287: gcc -o conftest -g -O2  -I.   conftest.c  >&5
configure:8293: $? = 0
configure:8311: result: yes
configure:8231: checking for openlog
configure:8287: gcc -o conftest -g -O2  -I.   conftest.c  >&5
configure:8293: $? = 0
configure:8311: result: yes
configure:8231: checking for mlockall
configure:8287: gcc -o conftest -g -O2  -I.   conftest.c  >&5
configure:8293: $? = 0
configure:8311: result: yes
configure:8231: checking for getgrnam
configure:8287: gcc -o conftest -g -O2  -I.   conftest.c  >&5
configure:8293: $? = 0
configure:8311: result: yes
configure:8231: checking for setgid
configure:8287: gcc -o conftest -g -O2  -I.   conftest.c  >&5
configure:8293: $? = 0
configure:8311: result: yes
configure:8231: checking for setgroups
configure:8287: gcc -o conftest -g -O2  -I.   conftest.c  >&5
configure:8293: $? = 0
configure:8311: result: yes
configure:8231: checking for stat
configure:8287: gcc -o conftest -g -O2  -I.   conftest.c  >&5
configure:8293: $? = 0
configure:8311: result: yes
configure:8231: checking for flock
configure:8287: gcc -o conftest -g -O2  -I.   conftest.c  >&5
configure:8293: $? = 0
configure:8311: result: yes
configure:8231: checking for readv
configure:8287: gcc -o conftest -g -O2  -I.   conftest.c  >&5
configure:8293: $? = 0
configure:8311: result: yes
configure:8231: checking for writev
configure:8287: gcc -o conftest -g -O2  -I.   conftest.c  >&5
configure:8293: $? = 0
configure:8311: result: yes
configure:8231: checking for time
configure:8287: gcc -o conftest -g -O2  -I.   conftest.c  >&5
configure:8293: $? = 0
configure:8311: result: yes
configure:8231: checking for setsid
configure:8287: gcc -o conftest -g -O2  -I.   conftest.c  >&5
configure:8293: $? = 0
configure:8311: result: yes
configure:8231: checking for chdir
configure:8287: gcc -o conftest -g -O2  -I.   conftest.c  >&5
configure:8293: $? = 0
configure:8311: result: yes
configure:8231: checking for putenv
configure:8287: gcc -o conftest -g -O2  -I.   conftest.c  >&5
configure:8293: $? = 0
configure:8311: result: yes
configure:8231: checking for getpeername
configure:8287: gcc -o conftest -g -O2  -I.   conftest.c  >&5
configure:8293: $? = 0
configure:8311: result: yes
configure:8231: checking for unlink
configure:8287: gcc -o conftest -g -O2  -I.   conftest.c  >&5
configure:8293: $? = 0
configure:8311: result: yes
configure:8231: checking for chsize
configure:8287: gcc -o conftest -g -O2  -I.   conftest.c  >&5
/tmp/ccy2Pgar.o: In function `main':
/home/fries/Development/android/source/external/openvpn/conftest.c:152: undefined reference to `chsize'
collect2: ld returned 1 exit status
configure:8293: $? = 1
configure: failed program was:
| /* confdefs.h.  */
| #define PACKAGE_NAME "OpenVPN"
| #define PACKAGE_TARNAME "openvpn"
| #define PACKAGE_VERSION "2.1_rc15"
| #define PACKAGE_STRING "OpenVPN 2.1_rc15"
| #define PACKAGE_BUGREPORT "openvpn-users@lists.sourceforge.net"
| #define PACKAGE "openvpn"
| #define VERSION "2.1_rc15"
| #define IFCONFIG_PATH "/sbin/ifconfig"
| #define IPROUTE_PATH "/sbin/ip"
| #define ROUTE_PATH "/sbin/route"
| #define TARGET_ALIAS "i686-pc-linux-gnu"
| #define TARGET_LINUX 1
| #define _GNU_SOURCE 1
| #define STDC_HEADERS 1
| #define HAVE_SYS_TYPES_H 1
| #define HAVE_SYS_STAT_H 1
| #define HAVE_STDLIB_H 1
| #define HAVE_STRING_H 1
| #define HAVE_MEMORY_H 1
| #define HAVE_STRINGS_H 1
| #define HAVE_INTTYPES_H 1
| #define HAVE_STDINT_H 1
| #define HAVE_UNISTD_H 1
| #define TIME_WITH_SYS_TIME 1
| #define HAVE_CPP_VARARG_MACRO_ISO 1
| #define HAVE_CPP_VARARG_MACRO_GCC 1
| #define EMPTY_ARRAY_SIZE 0
| #define HAVE_FCNTL_H 1
| #define HAVE_STDLIB_H 1
| #define HAVE_STDARG_H 1
| #define HAVE_STDIO_H 1
| #define HAVE_STRING_H 1
| #define HAVE_STRINGS_H 1
| #define HAVE_CTYPE_H 1
| #define HAVE_ERRNO_H 1
| #define HAVE_SYS_WAIT_H 1
| #define HAVE_SYS_TIME_H 1
| #define HAVE_SYS_SOCKET_H 1
| #define HAVE_SYS_UN_H 1
| #define HAVE_SYS_IOCTL_H 1
| #define HAVE_SYS_STAT_H 1
| #define HAVE_SYS_MMAN_H 1
| #define HAVE_FCNTL_H 1
| #define HAVE_SYS_FILE_H 1
| #define HAVE_STDLIB_H 1
| #define HAVE_STDINT_H 1
| #define HAVE_STDARG_H 1
| #define HAVE_UNISTD_H 1
| #define HAVE_SIGNAL_H 1
| #define HAVE_STDIO_H 1
| #define HAVE_STRING_H 1
| #define HAVE_STRINGS_H 1
| #define HAVE_CTYPE_H 1
| #define HAVE_ERRNO_H 1
| #define HAVE_SYSLOG_H 1
| #define HAVE_PWD_H 1
| #define HAVE_GRP_H 1
| #define HAVE_STROPTS_H 1
| #define HAVE_NETINET_IN_H 1
| #define HAVE_NETINET_IN_SYSTM_H 1
| #define HAVE_NETINET_TCP_H 1
| #define HAVE_ARPA_INET_H 1
| #define HAVE_NETDB_H 1
| #define HAVE_SYS_UIO_H 1
| #define HAVE_LINUX_IF_TUN_H 1
| #define HAVE_LINUX_SOCKIOS_H 1
| #define HAVE_LINUX_TYPES_H 1
| #define HAVE_SYS_POLL_H 1
| #define HAVE_SYS_EPOLL_H 1
| #define HAVE_ERR_H 1
| #define HAVE_NET_IF_H 1
| #define HAVE_NETINET_IP_H 1
| #define HAVE_NETINET_IF_ETHER_H 1
| #define HAVE_RESOLV_H 1
| #define HAVE_LINUX_ERRQUEUE_H 1
| #define HAVE_TUN_PI 1
| #define HAVE_IPHDR 1
| #define HAVE_IOVEC 1
| #define HAVE_SOCK_EXTENDED_ERR 1
| #define HAVE_MSGHDR 1
| #define HAVE_CMSGHDR 1
| #define HAVE_IN_PKTINFO 1
| #define SIZEOF_UNSIGNED_INT 4
| #define SIZEOF_UNSIGNED_LONG 4
| #define HAVE_CTIME 1
| #define HAVE_MEMSET 1
| #define HAVE_VSNPRINTF 1
| #define HAVE_STRDUP 1
| #define HAVE_DAEMON 1
| #define HAVE_CHROOT 1
| #define HAVE_GETPWNAM 1
| #define HAVE_SETUID 1
| #define HAVE_NICE 1
| #define HAVE_SYSTEM 1
| #define HAVE_GETPID 1
| #define HAVE_DUP 1
| #define HAVE_DUP2 1
| #define HAVE_GETPASS 1
| #define HAVE_STRERROR 1
| #define HAVE_SYSLOG 1
| #define HAVE_OPENLOG 1
| #define HAVE_MLOCKALL 1
| #define HAVE_GETGRNAM 1
| #define HAVE_SETGID 1
| #define HAVE_SETGROUPS 1
| #define HAVE_STAT 1
| #define HAVE_FLOCK 1
| #define HAVE_READV 1
| #define HAVE_WRITEV 1
| #define HAVE_TIME 1
| #define HAVE_SETSID 1
| #define HAVE_CHDIR 1
| #define HAVE_PUTENV 1
| #define HAVE_GETPEERNAME 1
| #define HAVE_UNLINK 1
| /* end confdefs.h.  */
| /* Define chsize to an innocuous variant, in case <limits.h> declares chsize.
|    For example, HP-UX 11i <limits.h> declares gettimeofday.  */
| #define chsize innocuous_chsize
| 
| /* System header to define __stub macros and hopefully few prototypes,
|     which can conflict with char chsize (); below.
|     Prefer <limits.h> to <assert.h> if __STDC__ is defined, since
|     <limits.h> exists even on freestanding compilers.  */
| 
| #ifdef __STDC__
| # include <limits.h>
| #else
| # include <assert.h>
| #endif
| 
| #undef chsize
| 
| /* Override any GCC internal prototype to avoid an error.
|    Use char because int might match the return type of a GCC
|    builtin and then its argument prototype would still apply.  */
| #ifdef __cplusplus
| extern "C"
| #endif
| char chsize ();
| /* The GNU C library defines this for functions which it implements
|     to always fail with ENOSYS.  Some functions are actually named
|     something starting with __ and the normal name is an alias.  */
| #if defined __stub_chsize || defined __stub___chsize
| choke me
| #endif
| 
| int
| main ()
| {
| return chsize ();
|   ;
|   return 0;
| }
configure:8311: result: no
configure:8231: checking for ftruncate
configure:8287: gcc -o conftest -g -O2  -I.   conftest.c  >&5
configure:8293: $? = 0
configure:8311: result: yes
configure:8231: checking for execve
configure:8287: gcc -o conftest -g -O2  -I.   conftest.c  >&5
conftest.c:142: warning: conflicting types for built-in function 'execve'
configure:8293: $? = 0
configure:8311: result: yes
configure:8231: checking for getpeereid
configure:8287: gcc -o conftest -g -O2  -I.   conftest.c  >&5
/tmp/cc0teYPB.o: In function `main':
/home/fries/Development/android/source/external/openvpn/conftest.c:154: undefined reference to `getpeereid'
collect2: ld returned 1 exit status
configure:8293: $? = 1
configure: failed program was:
| /* confdefs.h.  */
| #define PACKAGE_NAME "OpenVPN"
| #define PACKAGE_TARNAME "openvpn"
| #define PACKAGE_VERSION "2.1_rc15"
| #define PACKAGE_STRING "OpenVPN 2.1_rc15"
| #define PACKAGE_BUGREPORT "openvpn-users@lists.sourceforge.net"
| #define PACKAGE "openvpn"
| #define VERSION "2.1_rc15"
| #define IFCONFIG_PATH "/sbin/ifconfig"
| #define IPROUTE_PATH "/sbin/ip"
| #define ROUTE_PATH "/sbin/route"
| #define TARGET_ALIAS "i686-pc-linux-gnu"
| #define TARGET_LINUX 1
| #define _GNU_SOURCE 1
| #define STDC_HEADERS 1
| #define HAVE_SYS_TYPES_H 1
| #define HAVE_SYS_STAT_H 1
| #define HAVE_STDLIB_H 1
| #define HAVE_STRING_H 1
| #define HAVE_MEMORY_H 1
| #define HAVE_STRINGS_H 1
| #define HAVE_INTTYPES_H 1
| #define HAVE_STDINT_H 1
| #define HAVE_UNISTD_H 1
| #define TIME_WITH_SYS_TIME 1
| #define HAVE_CPP_VARARG_MACRO_ISO 1
| #define HAVE_CPP_VARARG_MACRO_GCC 1
| #define EMPTY_ARRAY_SIZE 0
| #define HAVE_FCNTL_H 1
| #define HAVE_STDLIB_H 1
| #define HAVE_STDARG_H 1
| #define HAVE_STDIO_H 1
| #define HAVE_STRING_H 1
| #define HAVE_STRINGS_H 1
| #define HAVE_CTYPE_H 1
| #define HAVE_ERRNO_H 1
| #define HAVE_SYS_WAIT_H 1
| #define HAVE_SYS_TIME_H 1
| #define HAVE_SYS_SOCKET_H 1
| #define HAVE_SYS_UN_H 1
| #define HAVE_SYS_IOCTL_H 1
| #define HAVE_SYS_STAT_H 1
| #define HAVE_SYS_MMAN_H 1
| #define HAVE_FCNTL_H 1
| #define HAVE_SYS_FILE_H 1
| #define HAVE_STDLIB_H 1
| #define HAVE_STDINT_H 1
| #define HAVE_STDARG_H 1
| #define HAVE_UNISTD_H 1
| #define HAVE_SIGNAL_H 1
| #define HAVE_STDIO_H 1
| #define HAVE_STRING_H 1
| #define HAVE_STRINGS_H 1
| #define HAVE_CTYPE_H 1
| #define HAVE_ERRNO_H 1
| #define HAVE_SYSLOG_H 1
| #define HAVE_PWD_H 1
| #define HAVE_GRP_H 1
| #define HAVE_STROPTS_H 1
| #define HAVE_NETINET_IN_H 1
| #define HAVE_NETINET_IN_SYSTM_H 1
| #define HAVE_NETINET_TCP_H 1
| #define HAVE_ARPA_INET_H 1
| #define HAVE_NETDB_H 1
| #define HAVE_SYS_UIO_H 1
| #define HAVE_LINUX_IF_TUN_H 1
| #define HAVE_LINUX_SOCKIOS_H 1
| #define HAVE_LINUX_TYPES_H 1
| #define HAVE_SYS_POLL_H 1
| #define HAVE_SYS_EPOLL_H 1
| #define HAVE_ERR_H 1
| #define HAVE_NET_IF_H 1
| #define HAVE_NETINET_IP_H 1
| #define HAVE_NETINET_IF_ETHER_H 1
| #define HAVE_RESOLV_H 1
| #define HAVE_LINUX_ERRQUEUE_H 1
| #define HAVE_TUN_PI 1
| #define HAVE_IPHDR 1
| #define HAVE_IOVEC 1
| #define HAVE_SOCK_EXTENDED_ERR 1
| #define HAVE_MSGHDR 1
| #define HAVE_CMSGHDR 1
| #define HAVE_IN_PKTINFO 1
| #define SIZEOF_UNSIGNED_INT 4
| #define SIZEOF_UNSIGNED_LONG 4
| #define HAVE_CTIME 1
| #define HAVE_MEMSET 1
| #define HAVE_VSNPRINTF 1
| #define HAVE_STRDUP 1
| #define HAVE_DAEMON 1
| #define HAVE_CHROOT 1
| #define HAVE_GETPWNAM 1
| #define HAVE_SETUID 1
| #define HAVE_NICE 1
| #define HAVE_SYSTEM 1
| #define HAVE_GETPID 1
| #define HAVE_DUP 1
| #define HAVE_DUP2 1
| #define HAVE_GETPASS 1
| #define HAVE_STRERROR 1
| #define HAVE_SYSLOG 1
| #define HAVE_OPENLOG 1
| #define HAVE_MLOCKALL 1
| #define HAVE_GETGRNAM 1
| #define HAVE_SETGID 1
| #define HAVE_SETGROUPS 1
| #define HAVE_STAT 1
| #define HAVE_FLOCK 1
| #define HAVE_READV 1
| #define HAVE_WRITEV 1
| #define HAVE_TIME 1
| #define HAVE_SETSID 1
| #define HAVE_CHDIR 1
| #define HAVE_PUTENV 1
| #define HAVE_GETPEERNAME 1
| #define HAVE_UNLINK 1
| #define HAVE_FTRUNCATE 1
| #define HAVE_EXECVE 1
| /* end confdefs.h.  */
| /* Define getpeereid to an innocuous variant, in case <limits.h> declares getpeereid.
|    For example, HP-UX 11i <limits.h> declares gettimeofday.  */
| #define getpeereid innocuous_getpeereid
| 
| /* System header to define __stub macros and hopefully few prototypes,
|     which can conflict with char getpeereid (); below.
|     Prefer <limits.h> to <assert.h> if __STDC__ is defined, since
|     <limits.h> exists even on freestanding compilers.  */
| 
| #ifdef __STDC__
| # include <limits.h>
| #else
| # include <assert.h>
| #endif
| 
| #undef getpeereid
| 
| /* Override any GCC internal prototype to avoid an error.
|    Use char because int might match the return type of a GCC
|    builtin and then its argument prototype would still apply.  */
| #ifdef __cplusplus
| extern "C"
| #endif
| char getpeereid ();
| /* The GNU C library defines this for functions which it implements
|     to always fail with ENOSYS.  Some functions are actually named
|     something starting with __ and the normal name is an alias.  */
| #if defined __stub_getpeereid || defined __stub___getpeereid
| choke me
| #endif
| 
| int
| main ()
| {
| return getpeereid ();
|   ;
|   return 0;
| }
configure:8311: result: no
configure:8231: checking for umask
configure:8287: gcc -o conftest -g -O2  -I.   conftest.c  >&5
configure:8293: $? = 0
configure:8311: result: yes
configure:8417: checking return type of signal handlers
configure:8445: gcc -c -g -O2  -I.  conftest.c >&5
conftest.c: In function 'main':
conftest.c:127: error: void value not ignored as it ought to be
configure:8451: $? = 1
configure: failed program was:
| /* confdefs.h.  */
| #define PACKAGE_NAME "OpenVPN"
| #define PACKAGE_TARNAME "openvpn"
| #define PACKAGE_VERSION "2.1_rc15"
| #define PACKAGE_STRING "OpenVPN 2.1_rc15"
| #define PACKAGE_BUGREPORT "openvpn-users@lists.sourceforge.net"
| #define PACKAGE "openvpn"
| #define VERSION "2.1_rc15"
| #define IFCONFIG_PATH "/sbin/ifconfig"
| #define IPROUTE_PATH "/sbin/ip"
| #define ROUTE_PATH "/sbin/route"
| #define TARGET_ALIAS "i686-pc-linux-gnu"
| #define TARGET_LINUX 1
| #define _GNU_SOURCE 1
| #define STDC_HEADERS 1
| #define HAVE_SYS_TYPES_H 1
| #define HAVE_SYS_STAT_H 1
| #define HAVE_STDLIB_H 1
| #define HAVE_STRING_H 1
| #define HAVE_MEMORY_H 1
| #define HAVE_STRINGS_H 1
| #define HAVE_INTTYPES_H 1
| #define HAVE_STDINT_H 1
| #define HAVE_UNISTD_H 1
| #define TIME_WITH_SYS_TIME 1
| #define HAVE_CPP_VARARG_MACRO_ISO 1
| #define HAVE_CPP_VARARG_MACRO_GCC 1
| #define EMPTY_ARRAY_SIZE 0
| #define HAVE_FCNTL_H 1
| #define HAVE_STDLIB_H 1
| #define HAVE_STDARG_H 1
| #define HAVE_STDIO_H 1
| #define HAVE_STRING_H 1
| #define HAVE_STRINGS_H 1
| #define HAVE_CTYPE_H 1
| #define HAVE_ERRNO_H 1
| #define HAVE_SYS_WAIT_H 1
| #define HAVE_SYS_TIME_H 1
| #define HAVE_SYS_SOCKET_H 1
| #define HAVE_SYS_UN_H 1
| #define HAVE_SYS_IOCTL_H 1
| #define HAVE_SYS_STAT_H 1
| #define HAVE_SYS_MMAN_H 1
| #define HAVE_FCNTL_H 1
| #define HAVE_SYS_FILE_H 1
| #define HAVE_STDLIB_H 1
| #define HAVE_STDINT_H 1
| #define HAVE_STDARG_H 1
| #define HAVE_UNISTD_H 1
| #define HAVE_SIGNAL_H 1
| #define HAVE_STDIO_H 1
| #define HAVE_STRING_H 1
| #define HAVE_STRINGS_H 1
| #define HAVE_CTYPE_H 1
| #define HAVE_ERRNO_H 1
| #define HAVE_SYSLOG_H 1
| #define HAVE_PWD_H 1
| #define HAVE_GRP_H 1
| #define HAVE_STROPTS_H 1
| #define HAVE_NETINET_IN_H 1
| #define HAVE_NETINET_IN_SYSTM_H 1
| #define HAVE_NETINET_TCP_H 1
| #define HAVE_ARPA_INET_H 1
| #define HAVE_NETDB_H 1
| #define HAVE_SYS_UIO_H 1
| #define HAVE_LINUX_IF_TUN_H 1
| #define HAVE_LINUX_SOCKIOS_H 1
| #define HAVE_LINUX_TYPES_H 1
| #define HAVE_SYS_POLL_H 1
| #define HAVE_SYS_EPOLL_H 1
| #define HAVE_ERR_H 1
| #define HAVE_NET_IF_H 1
| #define HAVE_NETINET_IP_H 1
| #define HAVE_NETINET_IF_ETHER_H 1
| #define HAVE_RESOLV_H 1
| #define HAVE_LINUX_ERRQUEUE_H 1
| #define HAVE_TUN_PI 1
| #define HAVE_IPHDR 1
| #define HAVE_IOVEC 1
| #define HAVE_SOCK_EXTENDED_ERR 1
| #define HAVE_MSGHDR 1
| #define HAVE_CMSGHDR 1
| #define HAVE_IN_PKTINFO 1
| #define SIZEOF_UNSIGNED_INT 4
| #define SIZEOF_UNSIGNED_LONG 4
| #define HAVE_CTIME 1
| #define HAVE_MEMSET 1
| #define HAVE_VSNPRINTF 1
| #define HAVE_STRDUP 1
| #define HAVE_DAEMON 1
| #define HAVE_CHROOT 1
| #define HAVE_GETPWNAM 1
| #define HAVE_SETUID 1
| #define HAVE_NICE 1
| #define HAVE_SYSTEM 1
| #define HAVE_GETPID 1
| #define HAVE_DUP 1
| #define HAVE_DUP2 1
| #define HAVE_GETPASS 1
| #define HAVE_STRERROR 1
| #define HAVE_SYSLOG 1
| #define HAVE_OPENLOG 1
| #define HAVE_MLOCKALL 1
| #define HAVE_GETGRNAM 1
| #define HAVE_SETGID 1
| #define HAVE_SETGROUPS 1
| #define HAVE_STAT 1
| #define HAVE_FLOCK 1
| #define HAVE_READV 1
| #define HAVE_WRITEV 1
| #define HAVE_TIME 1
| #define HAVE_SETSID 1
| #define HAVE_CHDIR 1
| #define HAVE_PUTENV 1
| #define HAVE_GETPEERNAME 1
| #define HAVE_UNLINK 1
| #define HAVE_FTRUNCATE 1
| #define HAVE_EXECVE 1
| #define HAVE_UMASK 1
| /* end confdefs.h.  */
| #include <sys/types.h>
| #include <signal.h>
| 
| int
| main ()
| {
| return *(signal (0, 0)) (0) == 1;
|   ;
|   return 0;
| }
configure:8466: result: void
configure:8475: checking for library containing socket
configure:8516: gcc -o conftest -g -O2  -I.   conftest.c  >&5
configure:8522: $? = 0
configure:8550: result: none required
configure:8559: checking for library containing inet_ntoa
configure:8600: gcc -o conftest -g -O2  -I.   conftest.c  >&5
configure:8606: $? = 0
configure:8634: result: none required
configure:8643: checking for library containing gethostbyname
configure:8684: gcc -o conftest -g -O2  -I.   conftest.c  >&5
configure:8690: $? = 0
configure:8718: result: none required
configure:8742: checking vfork.h usability
configure:8759: gcc -c -g -O2  -I.  conftest.c >&5
conftest.c:155:19: error: vfork.h: No such file or directory
configure:8765: $? = 1
configure: failed program was:
| /* confdefs.h.  */
| #define PACKAGE_NAME "OpenVPN"
| #define PACKAGE_TARNAME "openvpn"
| #define PACKAGE_VERSION "2.1_rc15"
| #define PACKAGE_STRING "OpenVPN 2.1_rc15"
| #define PACKAGE_BUGREPORT "openvpn-users@lists.sourceforge.net"
| #define PACKAGE "openvpn"
| #define VERSION "2.1_rc15"
| #define IFCONFIG_PATH "/sbin/ifconfig"
| #define IPROUTE_PATH "/sbin/ip"
| #define ROUTE_PATH "/sbin/route"
| #define TARGET_ALIAS "i686-pc-linux-gnu"
| #define TARGET_LINUX 1
| #define _GNU_SOURCE 1
| #define STDC_HEADERS 1
| #define HAVE_SYS_TYPES_H 1
| #define HAVE_SYS_STAT_H 1
| #define HAVE_STDLIB_H 1
| #define HAVE_STRING_H 1
| #define HAVE_MEMORY_H 1
| #define HAVE_STRINGS_H 1
| #define HAVE_INTTYPES_H 1
| #define HAVE_STDINT_H 1
| #define HAVE_UNISTD_H 1
| #define TIME_WITH_SYS_TIME 1
| #define HAVE_CPP_VARARG_MACRO_ISO 1
| #define HAVE_CPP_VARARG_MACRO_GCC 1
| #define EMPTY_ARRAY_SIZE 0
| #define HAVE_FCNTL_H 1
| #define HAVE_STDLIB_H 1
| #define HAVE_STDARG_H 1
| #define HAVE_STDIO_H 1
| #define HAVE_STRING_H 1
| #define HAVE_STRINGS_H 1
| #define HAVE_CTYPE_H 1
| #define HAVE_ERRNO_H 1
| #define HAVE_SYS_WAIT_H 1
| #define HAVE_SYS_TIME_H 1
| #define HAVE_SYS_SOCKET_H 1
| #define HAVE_SYS_UN_H 1
| #define HAVE_SYS_IOCTL_H 1
| #define HAVE_SYS_STAT_H 1
| #define HAVE_SYS_MMAN_H 1
| #define HAVE_FCNTL_H 1
| #define HAVE_SYS_FILE_H 1
| #define HAVE_STDLIB_H 1
| #define HAVE_STDINT_H 1
| #define HAVE_STDARG_H 1
| #define HAVE_UNISTD_H 1
| #define HAVE_SIGNAL_H 1
| #define HAVE_STDIO_H 1
| #define HAVE_STRING_H 1
| #define HAVE_STRINGS_H 1
| #define HAVE_CTYPE_H 1
| #define HAVE_ERRNO_H 1
| #define HAVE_SYSLOG_H 1
| #define HAVE_PWD_H 1
| #define HAVE_GRP_H 1
| #define HAVE_STROPTS_H 1
| #define HAVE_NETINET_IN_H 1
| #define HAVE_NETINET_IN_SYSTM_H 1
| #define HAVE_NETINET_TCP_H 1
| #define HAVE_ARPA_INET_H 1
| #define HAVE_NETDB_H 1
| #define HAVE_SYS_UIO_H 1
| #define HAVE_LINUX_IF_TUN_H 1
| #define HAVE_LINUX_SOCKIOS_H 1
| #define HAVE_LINUX_TYPES_H 1
| #define HAVE_SYS_POLL_H 1
| #define HAVE_SYS_EPOLL_H 1
| #define HAVE_ERR_H 1
| #define HAVE_NET_IF_H 1
| #define HAVE_NETINET_IP_H 1
| #define HAVE_NETINET_IF_ETHER_H 1
| #define HAVE_RESOLV_H 1
| #define HAVE_LINUX_ERRQUEUE_H 1
| #define HAVE_TUN_PI 1
| #define HAVE_IPHDR 1
| #define HAVE_IOVEC 1
| #define HAVE_SOCK_EXTENDED_ERR 1
| #define HAVE_MSGHDR 1
| #define HAVE_CMSGHDR 1
| #define HAVE_IN_PKTINFO 1
| #define SIZEOF_UNSIGNED_INT 4
| #define SIZEOF_UNSIGNED_LONG 4
| #define HAVE_CTIME 1
| #define HAVE_MEMSET 1
| #define HAVE_VSNPRINTF 1
| #define HAVE_STRDUP 1
| #define HAVE_DAEMON 1
| #define HAVE_CHROOT 1
| #define HAVE_GETPWNAM 1
| #define HAVE_SETUID 1
| #define HAVE_NICE 1
| #define HAVE_SYSTEM 1
| #define HAVE_GETPID 1
| #define HAVE_DUP 1
| #define HAVE_DUP2 1
| #define HAVE_GETPASS 1
| #define HAVE_STRERROR 1
| #define HAVE_SYSLOG 1
| #define HAVE_OPENLOG 1
| #define HAVE_MLOCKALL 1
| #define HAVE_GETGRNAM 1
| #define HAVE_SETGID 1
| #define HAVE_SETGROUPS 1
| #define HAVE_STAT 1
| #define HAVE_FLOCK 1
| #define HAVE_READV 1
| #define HAVE_WRITEV 1
| #define HAVE_TIME 1
| #define HAVE_SETSID 1
| #define HAVE_CHDIR 1
| #define HAVE_PUTENV 1
| #define HAVE_GETPEERNAME 1
| #define HAVE_UNLINK 1
| #define HAVE_FTRUNCATE 1
| #define HAVE_EXECVE 1
| #define HAVE_UMASK 1
| #define RETSIGTYPE void
| /* end confdefs.h.  */
| #include <stdio.h>
| #ifdef HAVE_SYS_TYPES_H
| # include <sys/types.h>
| #endif
| #ifdef HAVE_SYS_STAT_H
| # include <sys/stat.h>
| #endif
| #ifdef STDC_HEADERS
| # include <stdlib.h>
| # include <stddef.h>
| #else
| # ifdef HAVE_STDLIB_H
| #  include <stdlib.h>
| # endif
| #endif
| #ifdef HAVE_STRING_H
| # if !defined STDC_HEADERS && defined HAVE_MEMORY_H
| #  include <memory.h>
| # endif
| # include <string.h>
| #endif
| #ifdef HAVE_STRINGS_H
| # include <strings.h>
| #endif
| #ifdef HAVE_INTTYPES_H
| # include <inttypes.h>
| #endif
| #ifdef HAVE_STDINT_H
| # include <stdint.h>
| #endif
| #ifdef HAVE_UNISTD_H
| # include <unistd.h>
| #endif
| #include <vfork.h>
configure:8779: result: no
configure:8783: checking vfork.h presence
configure:8798: gcc -E  -I.  conftest.c
conftest.c:122:19: error: vfork.h: No such file or directory
configure:8804: $? = 1
configure: failed program was:
| /* confdefs.h.  */
| #define PACKAGE_NAME "OpenVPN"
| #define PACKAGE_TARNAME "openvpn"
| #define PACKAGE_VERSION "2.1_rc15"
| #define PACKAGE_STRING "OpenVPN 2.1_rc15"
| #define PACKAGE_BUGREPORT "openvpn-users@lists.sourceforge.net"
| #define PACKAGE "openvpn"
| #define VERSION "2.1_rc15"
| #define IFCONFIG_PATH "/sbin/ifconfig"
| #define IPROUTE_PATH "/sbin/ip"
| #define ROUTE_PATH "/sbin/route"
| #define TARGET_ALIAS "i686-pc-linux-gnu"
| #define TARGET_LINUX 1
| #define _GNU_SOURCE 1
| #define STDC_HEADERS 1
| #define HAVE_SYS_TYPES_H 1
| #define HAVE_SYS_STAT_H 1
| #define HAVE_STDLIB_H 1
| #define HAVE_STRING_H 1
| #define HAVE_MEMORY_H 1
| #define HAVE_STRINGS_H 1
| #define HAVE_INTTYPES_H 1
| #define HAVE_STDINT_H 1
| #define HAVE_UNISTD_H 1
| #define TIME_WITH_SYS_TIME 1
| #define HAVE_CPP_VARARG_MACRO_ISO 1
| #define HAVE_CPP_VARARG_MACRO_GCC 1
| #define EMPTY_ARRAY_SIZE 0
| #define HAVE_FCNTL_H 1
| #define HAVE_STDLIB_H 1
| #define HAVE_STDARG_H 1
| #define HAVE_STDIO_H 1
| #define HAVE_STRING_H 1
| #define HAVE_STRINGS_H 1
| #define HAVE_CTYPE_H 1
| #define HAVE_ERRNO_H 1
| #define HAVE_SYS_WAIT_H 1
| #define HAVE_SYS_TIME_H 1
| #define HAVE_SYS_SOCKET_H 1
| #define HAVE_SYS_UN_H 1
| #define HAVE_SYS_IOCTL_H 1
| #define HAVE_SYS_STAT_H 1
| #define HAVE_SYS_MMAN_H 1
| #define HAVE_FCNTL_H 1
| #define HAVE_SYS_FILE_H 1
| #define HAVE_STDLIB_H 1
| #define HAVE_STDINT_H 1
| #define HAVE_STDARG_H 1
| #define HAVE_UNISTD_H 1
| #define HAVE_SIGNAL_H 1
| #define HAVE_STDIO_H 1
| #define HAVE_STRING_H 1
| #define HAVE_STRINGS_H 1
| #define HAVE_CTYPE_H 1
| #define HAVE_ERRNO_H 1
| #define HAVE_SYSLOG_H 1
| #define HAVE_PWD_H 1
| #define HAVE_GRP_H 1
| #define HAVE_STROPTS_H 1
| #define HAVE_NETINET_IN_H 1
| #define HAVE_NETINET_IN_SYSTM_H 1
| #define HAVE_NETINET_TCP_H 1
| #define HAVE_ARPA_INET_H 1
| #define HAVE_NETDB_H 1
| #define HAVE_SYS_UIO_H 1
| #define HAVE_LINUX_IF_TUN_H 1
| #define HAVE_LINUX_SOCKIOS_H 1
| #define HAVE_LINUX_TYPES_H 1
| #define HAVE_SYS_POLL_H 1
| #define HAVE_SYS_EPOLL_H 1
| #define HAVE_ERR_H 1
| #define HAVE_NET_IF_H 1
| #define HAVE_NETINET_IP_H 1
| #define HAVE_NETINET_IF_ETHER_H 1
| #define HAVE_RESOLV_H 1
| #define HAVE_LINUX_ERRQUEUE_H 1
| #define HAVE_TUN_PI 1
| #define HAVE_IPHDR 1
| #define HAVE_IOVEC 1
| #define HAVE_SOCK_EXTENDED_ERR 1
| #define HAVE_MSGHDR 1
| #define HAVE_CMSGHDR 1
| #define HAVE_IN_PKTINFO 1
| #define SIZEOF_UNSIGNED_INT 4
| #define SIZEOF_UNSIGNED_LONG 4
| #define HAVE_CTIME 1
| #define HAVE_MEMSET 1
| #define HAVE_VSNPRINTF 1
| #define HAVE_STRDUP 1
| #define HAVE_DAEMON 1
| #define HAVE_CHROOT 1
| #define HAVE_GETPWNAM 1
| #define HAVE_SETUID 1
| #define HAVE_NICE 1
| #define HAVE_SYSTEM 1
| #define HAVE_GETPID 1
| #define HAVE_DUP 1
| #define HAVE_DUP2 1
| #define HAVE_GETPASS 1
| #define HAVE_STRERROR 1
| #define HAVE_SYSLOG 1
| #define HAVE_OPENLOG 1
| #define HAVE_MLOCKALL 1
| #define HAVE_GETGRNAM 1
| #define HAVE_SETGID 1
| #define HAVE_SETGROUPS 1
| #define HAVE_STAT 1
| #define HAVE_FLOCK 1
| #define HAVE_READV 1
| #define HAVE_WRITEV 1
| #define HAVE_TIME 1
| #define HAVE_SETSID 1
| #define HAVE_CHDIR 1
| #define HAVE_PUTENV 1
| #define HAVE_GETPEERNAME 1
| #define HAVE_UNLINK 1
| #define HAVE_FTRUNCATE 1
| #define HAVE_EXECVE 1
| #define HAVE_UMASK 1
| #define RETSIGTYPE void
| /* end confdefs.h.  */
| #include <vfork.h>
configure:8818: result: no
configure:8851: checking for vfork.h
configure:8859: result: no
configure:8877: checking for fork
configure:8933: gcc -o conftest -g -O2  -I.   conftest.c  >&5
conftest.c:145: warning: conflicting types for built-in function 'fork'
configure:8939: $? = 0
configure:8957: result: yes
configure:8877: checking for vfork
configure:8933: gcc -o conftest -g -O2  -I.   conftest.c  >&5
configure:8939: $? = 0
configure:8957: result: yes
configure:8968: checking for working fork
configure:9000: gcc -o conftest -g -O2  -I.   conftest.c  >&5
configure:9003: $? = 0
configure:9009: ./conftest
configure:9012: $? = 0
configure:9028: result: yes
configure:9049: checking for working vfork
configure:9187: result: yes
configure:9223: checking for gettimeofday
configure:9279: gcc -o conftest -g -O2  -I.   conftest.c  >&5
configure:9285: $? = 0
configure:9303: result: yes
configure:9329: checking for socket
configure:9385: gcc -o conftest -g -O2  -I.   conftest.c  >&5
configure:9391: $? = 0
configure:9409: result: yes
configure:9329: checking for recv
configure:9385: gcc -o conftest -g -O2  -I.   conftest.c  >&5
configure:9391: $? = 0
configure:9409: result: yes
configure:9329: checking for recvfrom
configure:9385: gcc -o conftest -g -O2  -I.   conftest.c  >&5
configure:9391: $? = 0
configure:9409: result: yes
configure:9329: checking for send
configure:9385: gcc -o conftest -g -O2  -I.   conftest.c  >&5
configure:9391: $? = 0
configure:9409: result: yes
configure:9329: checking for sendto
configure:9385: gcc -o conftest -g -O2  -I.   conftest.c  >&5
configure:9391: $? = 0
configure:9409: result: yes
configure:9329: checking for listen
configure:9385: gcc -o conftest -g -O2  -I.   conftest.c  >&5
configure:9391: $? = 0
configure:9409: result: yes
configure:9329: checking for accept
configure:9385: gcc -o conftest -g -O2  -I.   conftest.c  >&5
configure:9391: $? = 0
configure:9409: result: yes
configure:9329: checking for connect
configure:9385: gcc -o conftest -g -O2  -I.   conftest.c  >&5
configure:9391: $? = 0
configure:9409: result: yes
configure:9329: checking for bind
configure:9385: gcc -o conftest -g -O2  -I.   conftest.c  >&5
configure:9391: $? = 0
configure:9409: result: yes
configure:9329: checking for select
configure:9385: gcc -o conftest -g -O2  -I.   conftest.c  >&5
configure:9391: $? = 0
configure:9409: result: yes
configure:9329: checking for gethostbyname
configure:9385: gcc -o conftest -g -O2  -I.   conftest.c  >&5
configure:9391: $? = 0
configure:9409: result: yes
configure:9329: checking for inet_ntoa
configure:9385: gcc -o conftest -g -O2  -I.   conftest.c  >&5
configure:9391: $? = 0
configure:9409: result: yes
configure:9432: checking for setsockopt
configure:9488: gcc -o conftest -g -O2  -I.   conftest.c  >&5
configure:9494: $? = 0
configure:9512: result: yes
configure:9432: checking for getsockopt
configure:9488: gcc -o conftest -g -O2  -I.   conftest.c  >&5
configure:9494: $? = 0
configure:9512: result: yes
configure:9432: checking for getsockname
configure:9488: gcc -o conftest -g -O2  -I.   conftest.c  >&5
configure:9494: $? = 0
configure:9512: result: yes
configure:9432: checking for poll
configure:9488: gcc -o conftest -g -O2  -I.   conftest.c  >&5
configure:9494: $? = 0
configure:9512: result: yes
configure:9432: checking for sendmsg
configure:9488: gcc -o conftest -g -O2  -I.   conftest.c  >&5
configure:9494: $? = 0
configure:9512: result: yes
configure:9432: checking for recvmsg
configure:9488: gcc -o conftest -g -O2  -I.   conftest.c  >&5
configure:9494: $? = 0
configure:9512: result: yes
configure:9525: checking for working memcmp
configure:9578: gcc -o conftest -g -O2  -I.   conftest.c  >&5
configure:9581: $? = 0
configure:9587: ./conftest
configure:9590: $? = 0
configure:9606: result: yes
configure:9641: gcc -o conftest -g -O2  -I.   conftest.c  >&5
configure:9647: $? = 0
configure:9654: result: res_init DEFINED
configure:9676: checking for working epoll implementation...
configure:9680: checking for epoll_create
configure:9736: gcc -o conftest -g -O2  -I.   -Wl,--fatal-warnings conftest.c  >&5
configure:9742: $? = 0
configure:9759: result: yes
configure:10590: checking for libdl Library and Header files...
configure:10602: checking dlfcn.h usability
configure:10619: gcc -c -g -O2  -I.  conftest.c >&5
configure:10625: $? = 0
configure:10639: result: yes
configure:10643: checking dlfcn.h presence
configure:10658: gcc -E  -I.  conftest.c
configure:10664: $? = 0
configure:10678: result: yes
configure:10711: checking for dlfcn.h
configure:10718: result: yes
configure:10723: checking for dlopen
configure:10779: gcc -o conftest -g -O2  -I.   conftest.c  >&5
/tmp/ccGkTZLc.o: In function `main':
/home/fries/Development/android/source/external/openvpn/conftest.c:181: undefined reference to `dlopen'
collect2: ld returned 1 exit status
configure:10785: $? = 1
configure: failed program was:
| /* confdefs.h.  */
| #define PACKAGE_NAME "OpenVPN"
| #define PACKAGE_TARNAME "openvpn"
| #define PACKAGE_VERSION "2.1_rc15"
| #define PACKAGE_STRING "OpenVPN 2.1_rc15"
| #define PACKAGE_BUGREPORT "openvpn-users@lists.sourceforge.net"
| #define PACKAGE "openvpn"
| #define VERSION "2.1_rc15"
| #define IFCONFIG_PATH "/sbin/ifconfig"
| #define IPROUTE_PATH "/sbin/ip"
| #define ROUTE_PATH "/sbin/route"
| #define TARGET_ALIAS "i686-pc-linux-gnu"
| #define TARGET_LINUX 1
| #define _GNU_SOURCE 1
| #define STDC_HEADERS 1
| #define HAVE_SYS_TYPES_H 1
| #define HAVE_SYS_STAT_H 1
| #define HAVE_STDLIB_H 1
| #define HAVE_STRING_H 1
| #define HAVE_MEMORY_H 1
| #define HAVE_STRINGS_H 1
| #define HAVE_INTTYPES_H 1
| #define HAVE_STDINT_H 1
| #define HAVE_UNISTD_H 1
| #define TIME_WITH_SYS_TIME 1
| #define HAVE_CPP_VARARG_MACRO_ISO 1
| #define HAVE_CPP_VARARG_MACRO_GCC 1
| #define EMPTY_ARRAY_SIZE 0
| #define HAVE_FCNTL_H 1
| #define HAVE_STDLIB_H 1
| #define HAVE_STDARG_H 1
| #define HAVE_STDIO_H 1
| #define HAVE_STRING_H 1
| #define HAVE_STRINGS_H 1
| #define HAVE_CTYPE_H 1
| #define HAVE_ERRNO_H 1
| #define HAVE_SYS_WAIT_H 1
| #define HAVE_SYS_TIME_H 1
| #define HAVE_SYS_SOCKET_H 1
| #define HAVE_SYS_UN_H 1
| #define HAVE_SYS_IOCTL_H 1
| #define HAVE_SYS_STAT_H 1
| #define HAVE_SYS_MMAN_H 1
| #define HAVE_FCNTL_H 1
| #define HAVE_SYS_FILE_H 1
| #define HAVE_STDLIB_H 1
| #define HAVE_STDINT_H 1
| #define HAVE_STDARG_H 1
| #define HAVE_UNISTD_H 1
| #define HAVE_SIGNAL_H 1
| #define HAVE_STDIO_H 1
| #define HAVE_STRING_H 1
| #define HAVE_STRINGS_H 1
| #define HAVE_CTYPE_H 1
| #define HAVE_ERRNO_H 1
| #define HAVE_SYSLOG_H 1
| #define HAVE_PWD_H 1
| #define HAVE_GRP_H 1
| #define HAVE_STROPTS_H 1
| #define HAVE_NETINET_IN_H 1
| #define HAVE_NETINET_IN_SYSTM_H 1
| #define HAVE_NETINET_TCP_H 1
| #define HAVE_ARPA_INET_H 1
| #define HAVE_NETDB_H 1
| #define HAVE_SYS_UIO_H 1
| #define HAVE_LINUX_IF_TUN_H 1
| #define HAVE_LINUX_SOCKIOS_H 1
| #define HAVE_LINUX_TYPES_H 1
| #define HAVE_SYS_POLL_H 1
| #define HAVE_SYS_EPOLL_H 1
| #define HAVE_ERR_H 1
| #define HAVE_NET_IF_H 1
| #define HAVE_NETINET_IP_H 1
| #define HAVE_NETINET_IF_ETHER_H 1
| #define HAVE_RESOLV_H 1
| #define HAVE_LINUX_ERRQUEUE_H 1
| #define HAVE_TUN_PI 1
| #define HAVE_IPHDR 1
| #define HAVE_IOVEC 1
| #define HAVE_SOCK_EXTENDED_ERR 1
| #define HAVE_MSGHDR 1
| #define HAVE_CMSGHDR 1
| #define HAVE_IN_PKTINFO 1
| #define SIZEOF_UNSIGNED_INT 4
| #define SIZEOF_UNSIGNED_LONG 4
| #define HAVE_CTIME 1
| #define HAVE_MEMSET 1
| #define HAVE_VSNPRINTF 1
| #define HAVE_STRDUP 1
| #define HAVE_DAEMON 1
| #define HAVE_CHROOT 1
| #define HAVE_GETPWNAM 1
| #define HAVE_SETUID 1
| #define HAVE_NICE 1
| #define HAVE_SYSTEM 1
| #define HAVE_GETPID 1
| #define HAVE_DUP 1
| #define HAVE_DUP2 1
| #define HAVE_GETPASS 1
| #define HAVE_STRERROR 1
| #define HAVE_SYSLOG 1
| #define HAVE_OPENLOG 1
| #define HAVE_MLOCKALL 1
| #define HAVE_GETGRNAM 1
| #define HAVE_SETGID 1
| #define HAVE_SETGROUPS 1
| #define HAVE_STAT 1
| #define HAVE_FLOCK 1
| #define HAVE_READV 1
| #define HAVE_WRITEV 1
| #define HAVE_TIME 1
| #define HAVE_SETSID 1
| #define HAVE_CHDIR 1
| #define HAVE_PUTENV 1
| #define HAVE_GETPEERNAME 1
| #define HAVE_UNLINK 1
| #define HAVE_FTRUNCATE 1
| #define HAVE_EXECVE 1
| #define HAVE_UMASK 1
| #define RETSIGTYPE void
| #define HAVE_FORK 1
| #define HAVE_VFORK 1
| #define HAVE_WORKING_VFORK 1
| #define HAVE_WORKING_FORK 1
| #define HAVE_GETTIMEOFDAY 1
| #define HAVE_SOCKET 1
| #define HAVE_RECV 1
| #define HAVE_RECVFROM 1
| #define HAVE_SEND 1
| #define HAVE_SENDTO 1
| #define HAVE_LISTEN 1
| #define HAVE_ACCEPT 1
| #define HAVE_CONNECT 1
| #define HAVE_BIND 1
| #define HAVE_SELECT 1
| #define HAVE_GETHOSTBYNAME 1
| #define HAVE_INET_NTOA 1
| #define HAVE_SETSOCKOPT 1
| #define HAVE_GETSOCKOPT 1
| #define HAVE_GETSOCKNAME 1
| #define HAVE_POLL 1
| #define HAVE_SENDMSG 1
| #define HAVE_RECVMSG 1
| #define HAVE_RES_INIT 1
| #define HAVE_EPOLL_CREATE 1
| /* end confdefs.h.  */
| /* Define dlopen to an innocuous variant, in case <limits.h> declares dlopen.
|    For example, HP-UX 11i <limits.h> declares gettimeofday.  */
| #define dlopen innocuous_dlopen
| 
| /* System header to define __stub macros and hopefully few prototypes,
|     which can conflict with char dlopen (); below.
|     Prefer <limits.h> to <assert.h> if __STDC__ is defined, since
|     <limits.h> exists even on freestanding compilers.  */
| 
| #ifdef __STDC__
| # include <limits.h>
| #else
| # include <assert.h>
| #endif
| 
| #undef dlopen
| 
| /* Override any GCC internal prototype to avoid an error.
|    Use char because int might match the return type of a GCC
|    builtin and then its argument prototype would still apply.  */
| #ifdef __cplusplus
| extern "C"
| #endif
| char dlopen ();
| /* The GNU C library defines this for functions which it implements
|     to always fail with ENOSYS.  Some functions are actually named
|     something starting with __ and the normal name is an alias.  */
| #if defined __stub_dlopen || defined __stub___dlopen
| choke me
| #endif
| 
| int
| main ()
| {
| return dlopen ();
|   ;
|   return 0;
| }
configure:10802: result: no
configure:10811: checking for dlopen in -ldl
configure:10846: gcc -o conftest -g -O2  -I.   conftest.c -ldl   >&5
configure:10852: $? = 0
configure:10870: result: yes
configure:11355: checking for OpenSSL Crypto Library and Header files...
configure:11367: checking openssl/evp.h usability
configure:11384: gcc -c -g -O2  -I.  conftest.c >&5
conftest.c:181:25: error: openssl/evp.h: No such file or directory
configure:11390: $? = 1
configure: failed program was:
| /* confdefs.h.  */
| #define PACKAGE_NAME "OpenVPN"
| #define PACKAGE_TARNAME "openvpn"
| #define PACKAGE_VERSION "2.1_rc15"
| #define PACKAGE_STRING "OpenVPN 2.1_rc15"
| #define PACKAGE_BUGREPORT "openvpn-users@lists.sourceforge.net"
| #define PACKAGE "openvpn"
| #define VERSION "2.1_rc15"
| #define IFCONFIG_PATH "/sbin/ifconfig"
| #define IPROUTE_PATH "/sbin/ip"
| #define ROUTE_PATH "/sbin/route"
| #define TARGET_ALIAS "i686-pc-linux-gnu"
| #define TARGET_LINUX 1
| #define _GNU_SOURCE 1
| #define STDC_HEADERS 1
| #define HAVE_SYS_TYPES_H 1
| #define HAVE_SYS_STAT_H 1
| #define HAVE_STDLIB_H 1
| #define HAVE_STRING_H 1
| #define HAVE_MEMORY_H 1
| #define HAVE_STRINGS_H 1
| #define HAVE_INTTYPES_H 1
| #define HAVE_STDINT_H 1
| #define HAVE_UNISTD_H 1
| #define TIME_WITH_SYS_TIME 1
| #define HAVE_CPP_VARARG_MACRO_ISO 1
| #define HAVE_CPP_VARARG_MACRO_GCC 1
| #define EMPTY_ARRAY_SIZE 0
| #define HAVE_FCNTL_H 1
| #define HAVE_STDLIB_H 1
| #define HAVE_STDARG_H 1
| #define HAVE_STDIO_H 1
| #define HAVE_STRING_H 1
| #define HAVE_STRINGS_H 1
| #define HAVE_CTYPE_H 1
| #define HAVE_ERRNO_H 1
| #define HAVE_SYS_WAIT_H 1
| #define HAVE_SYS_TIME_H 1
| #define HAVE_SYS_SOCKET_H 1
| #define HAVE_SYS_UN_H 1
| #define HAVE_SYS_IOCTL_H 1
| #define HAVE_SYS_STAT_H 1
| #define HAVE_SYS_MMAN_H 1
| #define HAVE_FCNTL_H 1
| #define HAVE_SYS_FILE_H 1
| #define HAVE_STDLIB_H 1
| #define HAVE_STDINT_H 1
| #define HAVE_STDARG_H 1
| #define HAVE_UNISTD_H 1
| #define HAVE_SIGNAL_H 1
| #define HAVE_STDIO_H 1
| #define HAVE_STRING_H 1
| #define HAVE_STRINGS_H 1
| #define HAVE_CTYPE_H 1
| #define HAVE_ERRNO_H 1
| #define HAVE_SYSLOG_H 1
| #define HAVE_PWD_H 1
| #define HAVE_GRP_H 1
| #define HAVE_STROPTS_H 1
| #define HAVE_NETINET_IN_H 1
| #define HAVE_NETINET_IN_SYSTM_H 1
| #define HAVE_NETINET_TCP_H 1
| #define HAVE_ARPA_INET_H 1
| #define HAVE_NETDB_H 1
| #define HAVE_SYS_UIO_H 1
| #define HAVE_LINUX_IF_TUN_H 1
| #define HAVE_LINUX_SOCKIOS_H 1
| #define HAVE_LINUX_TYPES_H 1
| #define HAVE_SYS_POLL_H 1
| #define HAVE_SYS_EPOLL_H 1
| #define HAVE_ERR_H 1
| #define HAVE_NET_IF_H 1
| #define HAVE_NETINET_IP_H 1
| #define HAVE_NETINET_IF_ETHER_H 1
| #define HAVE_RESOLV_H 1
| #define HAVE_LINUX_ERRQUEUE_H 1
| #define HAVE_TUN_PI 1
| #define HAVE_IPHDR 1
| #define HAVE_IOVEC 1
| #define HAVE_SOCK_EXTENDED_ERR 1
| #define HAVE_MSGHDR 1
| #define HAVE_CMSGHDR 1
| #define HAVE_IN_PKTINFO 1
| #define SIZEOF_UNSIGNED_INT 4
| #define SIZEOF_UNSIGNED_LONG 4
| #define HAVE_CTIME 1
| #define HAVE_MEMSET 1
| #define HAVE_VSNPRINTF 1
| #define HAVE_STRDUP 1
| #define HAVE_DAEMON 1
| #define HAVE_CHROOT 1
| #define HAVE_GETPWNAM 1
| #define HAVE_SETUID 1
| #define HAVE_NICE 1
| #define HAVE_SYSTEM 1
| #define HAVE_GETPID 1
| #define HAVE_DUP 1
| #define HAVE_DUP2 1
| #define HAVE_GETPASS 1
| #define HAVE_STRERROR 1
| #define HAVE_SYSLOG 1
| #define HAVE_OPENLOG 1
| #define HAVE_MLOCKALL 1
| #define HAVE_GETGRNAM 1
| #define HAVE_SETGID 1
| #define HAVE_SETGROUPS 1
| #define HAVE_STAT 1
| #define HAVE_FLOCK 1
| #define HAVE_READV 1
| #define HAVE_WRITEV 1
| #define HAVE_TIME 1
| #define HAVE_SETSID 1
| #define HAVE_CHDIR 1
| #define HAVE_PUTENV 1
| #define HAVE_GETPEERNAME 1
| #define HAVE_UNLINK 1
| #define HAVE_FTRUNCATE 1
| #define HAVE_EXECVE 1
| #define HAVE_UMASK 1
| #define RETSIGTYPE void
| #define HAVE_FORK 1
| #define HAVE_VFORK 1
| #define HAVE_WORKING_VFORK 1
| #define HAVE_WORKING_FORK 1
| #define HAVE_GETTIMEOFDAY 1
| #define HAVE_SOCKET 1
| #define HAVE_RECV 1
| #define HAVE_RECVFROM 1
| #define HAVE_SEND 1
| #define HAVE_SENDTO 1
| #define HAVE_LISTEN 1
| #define HAVE_ACCEPT 1
| #define HAVE_CONNECT 1
| #define HAVE_BIND 1
| #define HAVE_SELECT 1
| #define HAVE_GETHOSTBYNAME 1
| #define HAVE_INET_NTOA 1
| #define HAVE_SETSOCKOPT 1
| #define HAVE_GETSOCKOPT 1
| #define HAVE_GETSOCKNAME 1
| #define HAVE_POLL 1
| #define HAVE_SENDMSG 1
| #define HAVE_RECVMSG 1
| #define HAVE_RES_INIT 1
| #define HAVE_EPOLL_CREATE 1
| #define USE_LIBDL 1
| /* end confdefs.h.  */
| #include <stdio.h>
| #ifdef HAVE_SYS_TYPES_H
| # include <sys/types.h>
| #endif
| #ifdef HAVE_SYS_STAT_H
| # include <sys/stat.h>
| #endif
| #ifdef STDC_HEADERS
| # include <stdlib.h>
| # include <stddef.h>
| #else
| # ifdef HAVE_STDLIB_H
| #  include <stdlib.h>
| # endif
| #endif
| #ifdef HAVE_STRING_H
| # if !defined STDC_HEADERS && defined HAVE_MEMORY_H
| #  include <memory.h>
| # endif
| # include <string.h>
| #endif
| #ifdef HAVE_STRINGS_H
| # include <strings.h>
| #endif
| #ifdef HAVE_INTTYPES_H
| # include <inttypes.h>
| #endif
| #ifdef HAVE_STDINT_H
| # include <stdint.h>
| #endif
| #ifdef HAVE_UNISTD_H
| # include <unistd.h>
| #endif
| #include <openssl/evp.h>
configure:11404: result: no
configure:11408: checking openssl/evp.h presence
configure:11423: gcc -E  -I.  conftest.c
conftest.c:148:25: error: openssl/evp.h: No such file or directory
configure:11429: $? = 1
configure: failed program was:
| /* confdefs.h.  */
| #define PACKAGE_NAME "OpenVPN"
| #define PACKAGE_TARNAME "openvpn"
| #define PACKAGE_VERSION "2.1_rc15"
| #define PACKAGE_STRING "OpenVPN 2.1_rc15"
| #define PACKAGE_BUGREPORT "openvpn-users@lists.sourceforge.net"
| #define PACKAGE "openvpn"
| #define VERSION "2.1_rc15"
| #define IFCONFIG_PATH "/sbin/ifconfig"
| #define IPROUTE_PATH "/sbin/ip"
| #define ROUTE_PATH "/sbin/route"
| #define TARGET_ALIAS "i686-pc-linux-gnu"
| #define TARGET_LINUX 1
| #define _GNU_SOURCE 1
| #define STDC_HEADERS 1
| #define HAVE_SYS_TYPES_H 1
| #define HAVE_SYS_STAT_H 1
| #define HAVE_STDLIB_H 1
| #define HAVE_STRING_H 1
| #define HAVE_MEMORY_H 1
| #define HAVE_STRINGS_H 1
| #define HAVE_INTTYPES_H 1
| #define HAVE_STDINT_H 1
| #define HAVE_UNISTD_H 1
| #define TIME_WITH_SYS_TIME 1
| #define HAVE_CPP_VARARG_MACRO_ISO 1
| #define HAVE_CPP_VARARG_MACRO_GCC 1
| #define EMPTY_ARRAY_SIZE 0
| #define HAVE_FCNTL_H 1
| #define HAVE_STDLIB_H 1
| #define HAVE_STDARG_H 1
| #define HAVE_STDIO_H 1
| #define HAVE_STRING_H 1
| #define HAVE_STRINGS_H 1
| #define HAVE_CTYPE_H 1
| #define HAVE_ERRNO_H 1
| #define HAVE_SYS_WAIT_H 1
| #define HAVE_SYS_TIME_H 1
| #define HAVE_SYS_SOCKET_H 1
| #define HAVE_SYS_UN_H 1
| #define HAVE_SYS_IOCTL_H 1
| #define HAVE_SYS_STAT_H 1
| #define HAVE_SYS_MMAN_H 1
| #define HAVE_FCNTL_H 1
| #define HAVE_SYS_FILE_H 1
| #define HAVE_STDLIB_H 1
| #define HAVE_STDINT_H 1
| #define HAVE_STDARG_H 1
| #define HAVE_UNISTD_H 1
| #define HAVE_SIGNAL_H 1
| #define HAVE_STDIO_H 1
| #define HAVE_STRING_H 1
| #define HAVE_STRINGS_H 1
| #define HAVE_CTYPE_H 1
| #define HAVE_ERRNO_H 1
| #define HAVE_SYSLOG_H 1
| #define HAVE_PWD_H 1
| #define HAVE_GRP_H 1
| #define HAVE_STROPTS_H 1
| #define HAVE_NETINET_IN_H 1
| #define HAVE_NETINET_IN_SYSTM_H 1
| #define HAVE_NETINET_TCP_H 1
| #define HAVE_ARPA_INET_H 1
| #define HAVE_NETDB_H 1
| #define HAVE_SYS_UIO_H 1
| #define HAVE_LINUX_IF_TUN_H 1
| #define HAVE_LINUX_SOCKIOS_H 1
| #define HAVE_LINUX_TYPES_H 1
| #define HAVE_SYS_POLL_H 1
| #define HAVE_SYS_EPOLL_H 1
| #define HAVE_ERR_H 1
| #define HAVE_NET_IF_H 1
| #define HAVE_NETINET_IP_H 1
| #define HAVE_NETINET_IF_ETHER_H 1
| #define HAVE_RESOLV_H 1
| #define HAVE_LINUX_ERRQUEUE_H 1
| #define HAVE_TUN_PI 1
| #define HAVE_IPHDR 1
| #define HAVE_IOVEC 1
| #define HAVE_SOCK_EXTENDED_ERR 1
| #define HAVE_MSGHDR 1
| #define HAVE_CMSGHDR 1
| #define HAVE_IN_PKTINFO 1
| #define SIZEOF_UNSIGNED_INT 4
| #define SIZEOF_UNSIGNED_LONG 4
| #define HAVE_CTIME 1
| #define HAVE_MEMSET 1
| #define HAVE_VSNPRINTF 1
| #define HAVE_STRDUP 1
| #define HAVE_DAEMON 1
| #define HAVE_CHROOT 1
| #define HAVE_GETPWNAM 1
| #define HAVE_SETUID 1
| #define HAVE_NICE 1
| #define HAVE_SYSTEM 1
| #define HAVE_GETPID 1
| #define HAVE_DUP 1
| #define HAVE_DUP2 1
| #define HAVE_GETPASS 1
| #define HAVE_STRERROR 1
| #define HAVE_SYSLOG 1
| #define HAVE_OPENLOG 1
| #define HAVE_MLOCKALL 1
| #define HAVE_GETGRNAM 1
| #define HAVE_SETGID 1
| #define HAVE_SETGROUPS 1
| #define HAVE_STAT 1
| #define HAVE_FLOCK 1
| #define HAVE_READV 1
| #define HAVE_WRITEV 1
| #define HAVE_TIME 1
| #define HAVE_SETSID 1
| #define HAVE_CHDIR 1
| #define HAVE_PUTENV 1
| #define HAVE_GETPEERNAME 1
| #define HAVE_UNLINK 1
| #define HAVE_FTRUNCATE 1
| #define HAVE_EXECVE 1
| #define HAVE_UMASK 1
| #define RETSIGTYPE void
| #define HAVE_FORK 1
| #define HAVE_VFORK 1
| #define HAVE_WORKING_VFORK 1
| #define HAVE_WORKING_FORK 1
| #define HAVE_GETTIMEOFDAY 1
| #define HAVE_SOCKET 1
| #define HAVE_RECV 1
| #define HAVE_RECVFROM 1
| #define HAVE_SEND 1
| #define HAVE_SENDTO 1
| #define HAVE_LISTEN 1
| #define HAVE_ACCEPT 1
| #define HAVE_CONNECT 1
| #define HAVE_BIND 1
| #define HAVE_SELECT 1
| #define HAVE_GETHOSTBYNAME 1
| #define HAVE_INET_NTOA 1
| #define HAVE_SETSOCKOPT 1
| #define HAVE_GETSOCKOPT 1
| #define HAVE_GETSOCKNAME 1
| #define HAVE_POLL 1
| #define HAVE_SENDMSG 1
| #define HAVE_RECVMSG 1
| #define HAVE_RES_INIT 1
| #define HAVE_EPOLL_CREATE 1
| #define USE_LIBDL 1
| /* end confdefs.h.  */
| #include <openssl/evp.h>
configure:11443: result: no
configure:11476: checking for openssl/evp.h
configure:11483: result: no
configure:12123: error: OpenSSL Crypto headers not found.

## ---------------- ##
## Cache variables. ##
## ---------------- ##

ac_cv_build=i686-pc-linux-gnu
ac_cv_c_compiler_gnu=yes
ac_cv_c_const=yes
ac_cv_c_inline=inline
ac_cv_c_volatile=yes
ac_cv_env_CC_set=
ac_cv_env_CC_value=
ac_cv_env_CFLAGS_set=
ac_cv_env_CFLAGS_value=
ac_cv_env_CPPFLAGS_set=
ac_cv_env_CPPFLAGS_value=
ac_cv_env_CPP_set=
ac_cv_env_CPP_value=
ac_cv_env_LDFLAGS_set=
ac_cv_env_LDFLAGS_value=
ac_cv_env_LIBS_set=
ac_cv_env_LIBS_value=
ac_cv_env_MAN2HTML_set=
ac_cv_env_MAN2HTML_value=
ac_cv_env_build_alias_set=
ac_cv_env_build_alias_value=
ac_cv_env_host_alias_set=
ac_cv_env_host_alias_value=
ac_cv_env_target_alias_set=
ac_cv_env_target_alias_value=
ac_cv_func_accept=yes
ac_cv_func_bind=yes
ac_cv_func_chdir=yes
ac_cv_func_chroot=yes
ac_cv_func_chsize=no
ac_cv_func_connect=yes
ac_cv_func_ctime=yes
ac_cv_func_daemon=yes
ac_cv_func_dlopen=no
ac_cv_func_dup2=yes
ac_cv_func_dup=yes
ac_cv_func_epoll_create=yes
ac_cv_func_execve=yes
ac_cv_func_flock=yes
ac_cv_func_fork=yes
ac_cv_func_fork_works=yes
ac_cv_func_ftruncate=yes
ac_cv_func_getgrnam=yes
ac_cv_func_gethostbyname=yes
ac_cv_func_getpass=yes
ac_cv_func_getpeereid=no
ac_cv_func_getpeername=yes
ac_cv_func_getpid=yes
ac_cv_func_getpwnam=yes
ac_cv_func_getsockname=yes
ac_cv_func_getsockopt=yes
ac_cv_func_gettimeofday=yes
ac_cv_func_inet_ntoa=yes
ac_cv_func_listen=yes
ac_cv_func_memcmp_working=yes
ac_cv_func_memset=yes
ac_cv_func_mlockall=yes
ac_cv_func_nice=yes
ac_cv_func_openlog=yes
ac_cv_func_poll=yes
ac_cv_func_putenv=yes
ac_cv_func_readv=yes
ac_cv_func_recv=yes
ac_cv_func_recvfrom=yes
ac_cv_func_recvmsg=yes
ac_cv_func_select=yes
ac_cv_func_send=yes
ac_cv_func_sendmsg=yes
ac_cv_func_sendto=yes
ac_cv_func_setgid=yes
ac_cv_func_setgroups=yes
ac_cv_func_setsid=yes
ac_cv_func_setsockopt=yes
ac_cv_func_setuid=yes
ac_cv_func_socket=yes
ac_cv_func_stat=yes
ac_cv_func_strdup=yes
ac_cv_func_strerror=yes
ac_cv_func_syslog=yes
ac_cv_func_system=yes
ac_cv_func_time=yes
ac_cv_func_umask=yes
ac_cv_func_unlink=yes
ac_cv_func_vfork=yes
ac_cv_func_vfork_works=yes
ac_cv_func_vsnprintf=yes
ac_cv_func_writev=yes
ac_cv_header_arpa_inet_h=yes
ac_cv_header_ctype_h=yes
ac_cv_header_dlfcn_h=yes
ac_cv_header_err_h=yes
ac_cv_header_errno_h=yes
ac_cv_header_fcntl_h=yes
ac_cv_header_grp_h=yes
ac_cv_header_inttypes_h=yes
ac_cv_header_linux_errqueue_h=yes
ac_cv_header_linux_if_tun_h=yes
ac_cv_header_linux_sockios_h=yes
ac_cv_header_linux_types_h=yes
ac_cv_header_memory_h=yes
ac_cv_header_net_if_h=yes
ac_cv_header_net_if_tun_h=no
ac_cv_header_net_tun_if_tun_h=no
ac_cv_header_netdb_h=yes
ac_cv_header_netinet_if_ether_h=yes
ac_cv_header_netinet_in_h=yes
ac_cv_header_netinet_in_systm_h=yes
ac_cv_header_netinet_ip_h=yes
ac_cv_header_netinet_tcp_h=yes
ac_cv_header_openssl_evp_h=no
ac_cv_header_pwd_h=yes
ac_cv_header_resolv_h=yes
ac_cv_header_signal_h=yes
ac_cv_header_stdarg_h=yes
ac_cv_header_stdc=yes
ac_cv_header_stdint_h=yes
ac_cv_header_stdio_h=yes
ac_cv_header_stdlib_h=yes
ac_cv_header_string_h=yes
ac_cv_header_strings_h=yes
ac_cv_header_stropts_h=yes
ac_cv_header_sys_epoll_h=yes
ac_cv_header_sys_file_h=yes
ac_cv_header_sys_ioctl_h=yes
ac_cv_header_sys_mman_h=yes
ac_cv_header_sys_poll_h=yes
ac_cv_header_sys_socket_h=yes
ac_cv_header_sys_sockio_h=no
ac_cv_header_sys_stat_h=yes
ac_cv_header_sys_time_h=yes
ac_cv_header_sys_types_h=yes
ac_cv_header_sys_uio_h=yes
ac_cv_header_sys_un_h=yes
ac_cv_header_sys_wait_h=yes
ac_cv_header_syslog_h=yes
ac_cv_header_time=yes
ac_cv_header_unistd_h=yes
ac_cv_header_vfork_h=no
ac_cv_host=i686-pc-linux-gnu
ac_cv_lib_dl_dlopen=yes
ac_cv_objext=o
ac_cv_path_EGREP='/bin/grep -E'
ac_cv_path_GREP=/bin/grep
ac_cv_path_IFCONFIG=/sbin/ifconfig
ac_cv_path_IPROUTE=/sbin/ip
ac_cv_path_ROUTE=/sbin/route
ac_cv_path_install='/usr/bin/install -c'
ac_cv_prog_AWK=mawk
ac_cv_prog_CPP='gcc -E'
ac_cv_prog_ac_ct_CC=gcc
ac_cv_prog_cc_c89=
ac_cv_prog_cc_g=yes
ac_cv_prog_gcc_traditional=no
ac_cv_prog_make_make_set=yes
ac_cv_search_gethostbyname='none required'
ac_cv_search_inet_ntoa='none required'
ac_cv_search_socket='none required'
ac_cv_sizeof_unsigned_int=4
ac_cv_sizeof_unsigned_long=4
ac_cv_target=i686-pc-linux-gnu
ac_cv_type_in_addr_t=yes
ac_cv_type_off_t=yes
ac_cv_type_pid_t=yes
ac_cv_type_signal=void
ac_cv_type_size_t=yes
ac_cv_type_socklen_t=yes
ac_cv_type_struct_cmsghdr=yes
ac_cv_type_struct_in_pktinfo=yes
ac_cv_type_struct_iovec=yes
ac_cv_type_struct_iphdr=yes
ac_cv_type_struct_msghdr=yes
ac_cv_type_struct_sock_extended_err=yes
ac_cv_type_struct_tun_pi=yes
ac_cv_type_uid_t=yes
ac_cv_type_uint16_t=yes
ac_cv_type_uint32_t=yes
ac_cv_type_uint8_t=yes
ac_cv_type_unsigned_int=yes
ac_cv_type_unsigned_long=yes
am_cv_CC_dependencies_compiler_type=gcc3
ax_cv_cpp_vararg_macro_gcc=yes
ax_cv_cpp_vararg_macro_iso=yes

## ----------------- ##
## Output variables. ##
## ----------------- ##

ACLOCAL='${SHELL} /home/fries/Development/android/source/external/openvpn/missing --run aclocal-1.9'
AMDEPBACKSLASH='\'
AMDEP_FALSE='#'
AMDEP_TRUE=''
AMTAR='${SHELL} /home/fries/Development/android/source/external/openvpn/missing --run tar'
AUTOCONF='${SHELL} /home/fries/Development/android/source/external/openvpn/missing --run autoconf'
AUTOHEADER='${SHELL} /home/fries/Development/android/source/external/openvpn/missing --run autoheader'
AUTOMAKE='${SHELL} /home/fries/Development/android/source/external/openvpn/missing --run automake-1.9'
AWK='mawk'
CC='gcc'
CCDEPMODE='depmode=gcc3'
CFLAGS='-g -O2'
CPP='gcc -E'
CPPFLAGS=' -I. '
CYGPATH_W='echo'
DEFS=''
DEPDIR='.deps'
ECHO_C=''
ECHO_N='-n'
ECHO_T=''
EGREP='/bin/grep -E'
EXEEXT=''
GREP='/bin/grep'
IFCONFIG='/sbin/ifconfig'
INSTALL_DATA='${INSTALL} -m 644'
INSTALL_PROGRAM='${INSTALL}'
INSTALL_SCRIPT='${INSTALL}'
INSTALL_STRIP_PROGRAM='${SHELL} $(install_sh) -c -s'
IPROUTE='/sbin/ip'
LDFLAGS=''
LIBOBJS=''
LIBS='-ldl '
LTLIBOBJS=''
MAKEINFO='${SHELL} /home/fries/Development/android/source/external/openvpn/missing --run makeinfo'
MAN2HTML=''
OBJEXT='o'
PACKAGE='openvpn'
PACKAGE_BUGREPORT='openvpn-users@lists.sourceforge.net'
PACKAGE_NAME='OpenVPN'
PACKAGE_STRING='OpenVPN 2.1_rc15'
PACKAGE_TARNAME='openvpn'
PACKAGE_VERSION='2.1_rc15'
PATH_SEPARATOR=':'
PTHREAD_CC=''
PTHREAD_CFLAGS=''
PTHREAD_LIBS=''
ROUTE='/sbin/route'
SET_MAKE=''
SHELL='/bin/bash'
STRIP=''
TAP_ID=''
TAP_WIN32_MIN_MAJOR=''
TAP_WIN32_MIN_MINOR=''
VERSION='2.1_rc15'
WIN32_FALSE=''
WIN32_TRUE=''
ac_ct_CC='gcc'
am__fastdepCC_FALSE='#'
am__fastdepCC_TRUE=''
am__include='include'
am__leading_dot='.'
am__quote=''
am__tar='${AMTAR} chof - "$$tardir"'
am__untar='${AMTAR} xf -'
bindir='${exec_prefix}/bin'
build='i686-pc-linux-gnu'
build_alias=''
build_cpu='i686'
build_os='linux-gnu'
build_vendor='pc'
datadir='${datarootdir}'
datarootdir='${prefix}/share'
docdir='${datarootdir}/doc/${PACKAGE_TARNAME}'
dvidir='${docdir}'
exec_prefix='NONE'
host='i686-pc-linux-gnu'
host_alias=''
host_cpu='i686'
host_os='linux-gnu'
host_vendor='pc'
htmldir='${docdir}'
includedir='${prefix}/include'
infodir='${datarootdir}/info'
install_sh='/home/fries/Development/android/source/external/openvpn/install-sh'
libdir='${exec_prefix}/lib'
libexecdir='${exec_prefix}/libexec'
localedir='${datarootdir}/locale'
localstatedir='${prefix}/var'
mandir='${datarootdir}/man'
mkdir_p='mkdir -p --'
oldincludedir='/usr/include'
pdfdir='${docdir}'
prefix='NONE'
program_transform_name='s,x,x,'
psdir='${docdir}'
sbindir='${exec_prefix}/sbin'
sharedstatedir='${prefix}/com'
sysconfdir='${prefix}/etc'
target='i686-pc-linux-gnu'
target_alias=''
target_cpu='i686'
target_os='linux-gnu'
target_vendor='pc'
win32datadir=''

## ----------- ##
## confdefs.h. ##
## ----------- ##

#define PACKAGE_NAME "OpenVPN"
#define PACKAGE_TARNAME "openvpn"
#define PACKAGE_VERSION "2.1_rc15"
#define PACKAGE_STRING "OpenVPN 2.1_rc15"
#define PACKAGE_BUGREPORT "openvpn-users@lists.sourceforge.net"
#define PACKAGE "openvpn"
#define VERSION "2.1_rc15"
#define IFCONFIG_PATH "/sbin/ifconfig"
#define IPROUTE_PATH "/sbin/ip"
#define ROUTE_PATH "/sbin/route"
#define TARGET_ALIAS "i686-pc-linux-gnu"
#define TARGET_LINUX 1
#define _GNU_SOURCE 1
#define STDC_HEADERS 1
#define HAVE_SYS_TYPES_H 1
#define HAVE_SYS_STAT_H 1
#define HAVE_STDLIB_H 1
#define HAVE_STRING_H 1
#define HAVE_MEMORY_H 1
#define HAVE_STRINGS_H 1
#define HAVE_INTTYPES_H 1
#define HAVE_STDINT_H 1
#define HAVE_UNISTD_H 1
#define TIME_WITH_SYS_TIME 1
#define HAVE_CPP_VARARG_MACRO_ISO 1
#define HAVE_CPP_VARARG_MACRO_GCC 1
#define EMPTY_ARRAY_SIZE 0
#define HAVE_FCNTL_H 1
#define HAVE_STDLIB_H 1
#define HAVE_STDARG_H 1
#define HAVE_STDIO_H 1
#define HAVE_STRING_H 1
#define HAVE_STRINGS_H 1
#define HAVE_CTYPE_H 1
#define HAVE_ERRNO_H 1
#define HAVE_SYS_WAIT_H 1
#define HAVE_SYS_TIME_H 1
#define HAVE_SYS_SOCKET_H 1
#define HAVE_SYS_UN_H 1
#define HAVE_SYS_IOCTL_H 1
#define HAVE_SYS_STAT_H 1
#define HAVE_SYS_MMAN_H 1
#define HAVE_FCNTL_H 1
#define HAVE_SYS_FILE_H 1
#define HAVE_STDLIB_H 1
#define HAVE_STDINT_H 1
#define HAVE_STDARG_H 1
#define HAVE_UNISTD_H 1
#define HAVE_SIGNAL_H 1
#define HAVE_STDIO_H 1
#define HAVE_STRING_H 1
#define HAVE_STRINGS_H 1
#define HAVE_CTYPE_H 1
#define HAVE_ERRNO_H 1
#define HAVE_SYSLOG_H 1
#define HAVE_PWD_H 1
#define HAVE_GRP_H 1
#define HAVE_STROPTS_H 1
#define HAVE_NETINET_IN_H 1
#define HAVE_NETINET_IN_SYSTM_H 1
#define HAVE_NETINET_TCP_H 1
#define HAVE_ARPA_INET_H 1
#define HAVE_NETDB_H 1
#define HAVE_SYS_UIO_H 1
#define HAVE_LINUX_IF_TUN_H 1
#define HAVE_LINUX_SOCKIOS_H 1
#define HAVE_LINUX_TYPES_H 1
#define HAVE_SYS_POLL_H 1
#define HAVE_SYS_EPOLL_H 1
#define HAVE_ERR_H 1
#define HAVE_NET_IF_H 1
#define HAVE_NETINET_IP_H 1
#define HAVE_NETINET_IF_ETHER_H 1
#define HAVE_RESOLV_H 1
#define HAVE_LINUX_ERRQUEUE_H 1
#define HAVE_TUN_PI 1
#define HAVE_IPHDR 1
#define HAVE_IOVEC 1
#define HAVE_SOCK_EXTENDED_ERR 1
#define HAVE_MSGHDR 1
#define HAVE_CMSGHDR 1
#define HAVE_IN_PKTINFO 1
#define SIZEOF_UNSIGNED_INT 4
#define SIZEOF_UNSIGNED_LONG 4
#define HAVE_CTIME 1
#define HAVE_MEMSET 1
#define HAVE_VSNPRINTF 1
#define HAVE_STRDUP 1
#define HAVE_DAEMON 1
#define HAVE_CHROOT 1
#define HAVE_GETPWNAM 1
#define HAVE_SETUID 1
#define HAVE_NICE 1
#define HAVE_SYSTEM 1
#define HAVE_GETPID 1
#define HAVE_DUP 1
#define HAVE_DUP2 1
#define HAVE_GETPASS 1
#define HAVE_STRERROR 1
#define HAVE_SYSLOG 1
#define HAVE_OPENLOG 1
#define HAVE_MLOCKALL 1
#define HAVE_GETGRNAM 1
#define HAVE_SETGID 1
#define HAVE_SETGROUPS 1
#define HAVE_STAT 1
#define HAVE_FLOCK 1
#define HAVE_READV 1
#define HAVE_WRITEV 1
#define HAVE_TIME 1
#define HAVE_SETSID 1
#define HAVE_CHDIR 1
#define HAVE_PUTENV 1
#define HAVE_GETPEERNAME 1
#define HAVE_UNLINK 1
#define HAVE_FTRUNCATE 1
#define HAVE_EXECVE 1
#define HAVE_UMASK 1
#define RETSIGTYPE void
#define HAVE_FORK 1
#define HAVE_VFORK 1
#define HAVE_WORKING_VFORK 1
#define HAVE_WORKING_FORK 1
#define HAVE_GETTIMEOFDAY 1
#define HAVE_SOCKET 1
#define HAVE_RECV 1
#define HAVE_RECVFROM 1
#define HAVE_SEND 1
#define HAVE_SENDTO 1
#define HAVE_LISTEN 1
#define HAVE_ACCEPT 1
#define HAVE_CONNECT 1
#define HAVE_BIND 1
#define HAVE_SELECT 1
#define HAVE_GETHOSTBYNAME 1
#define HAVE_INET_NTOA 1
#define HAVE_SETSOCKOPT 1
#define HAVE_GETSOCKOPT 1
#define HAVE_GETSOCKNAME 1
#define HAVE_POLL 1
#define HAVE_SENDMSG 1
#define HAVE_RECVMSG 1
#define HAVE_RES_INIT 1
#define HAVE_EPOLL_CREATE 1
#define USE_LIBDL 1

configure: exit 1
